2018-05-31 10:56:53 INFO  ApacheHttpClient.testConnection(187) - responseCode = 200
2018-05-31 10:56:53 INFO  ApacheHttpClient.testConnection(195) - result = true
2018-05-31 10:56:54 INFO  ApacheHttpClient.getWebResourceAsStream(436) - responseCode = 200
2018-05-31 10:56:54 INFO  ApacheHttpClient.testConnection(187) - responseCode = 200
2018-05-31 10:56:54 INFO  ApacheHttpClient.testConnection(195) - result = true
2018-05-31 10:56:56 INFO  ApacheHttpClient.getWebResourceAsStream(436) - responseCode = 200
2018-05-31 10:56:56 INFO  ApacheHttpClient.getFilteredTasks(323) - responseCode = 200
2018-05-31 10:57:01 INFO  ApacheHttpClient.getTaskTemplateInfo(340) - responseCode = 200
2018-05-31 10:57:01 INFO  ApacheHttpClient.testConnection(187) - responseCode = 200
2018-05-31 10:57:01 INFO  ApacheHttpClient.testConnection(195) - result = true
2018-05-31 10:57:01 INFO  ApacheHttpClient.testConnection(187) - responseCode = 200
2018-05-31 10:57:01 INFO  ApacheHttpClient.testConnection(195) - result = true
2018-05-31 10:57:01 INFO  ApacheHttpClient.getWebResourceAsStream(436) - responseCode = 200
2018-05-31 10:57:01 INFO  ApacheHttpClient.getTaskTemplateInfo(340) - responseCode = 200
2018-05-31 10:57:09 INFO  ApacheHttpClient.testConnection(187) - responseCode = 200
2018-05-31 10:57:09 INFO  ApacheHttpClient.testConnection(195) - result = true
2018-05-31 10:57:09 INFO  ApacheHttpClient.testConnection(187) - responseCode = 200
2018-05-31 10:57:09 INFO  ApacheHttpClient.testConnection(195) - result = true
2018-05-31 10:57:09 INFO  ApacheHttpClient.getWebResourceAsStream(436) - responseCode = 200
2018-05-31 10:57:11 INFO  ApacheHttpClient.getWebResourceAsStream(436) - responseCode = 200
2018-05-31 10:57:11 INFO  ApacheHttpClient.getFilteredTasks(323) - responseCode = 200
2018-05-31 10:57:15 INFO  ApacheHttpClient.getTaskTemplateInfo(340) - responseCode = 200
2018-05-31 10:57:15 INFO  ApacheHttpClient.testConnection(187) - responseCode = 200
2018-05-31 10:57:15 INFO  ApacheHttpClient.testConnection(195) - result = true
2018-05-31 10:57:15 INFO  ApacheHttpClient.testConnection(187) - responseCode = 200
2018-05-31 10:57:15 INFO  ApacheHttpClient.testConnection(195) - result = true
2018-05-31 10:57:15 INFO  ApacheHttpClient.getWebResourceAsStream(436) - responseCode = 200
2018-05-31 10:57:17 INFO  ApacheHttpClient.getWebResourceAsStream(436) - responseCode = 200
2018-05-31 10:57:17 INFO  ApacheHttpClient.getFilteredTasks(323) - responseCode = 200
2018-05-31 10:57:25 INFO  ApacheHttpClient.getTaskTemplateInfo(340) - responseCode = 200
2018-05-31 10:57:26 INFO  ApacheHttpClient.testConnection(187) - responseCode = 200
2018-05-31 10:57:26 INFO  ApacheHttpClient.testConnection(195) - result = true
2018-05-31 10:57:26 INFO  ApacheHttpClient.testConnection(187) - responseCode = 200
2018-05-31 10:57:26 INFO  ApacheHttpClient.testConnection(195) - result = true
2018-05-31 10:57:26 INFO  ApacheHttpClient.getWebResourceAsStream(436) - responseCode = 200
2018-05-31 10:57:28 INFO  ApacheHttpClient.getWebResourceAsStream(436) - responseCode = 200
2018-05-31 10:57:28 INFO  ApacheHttpClient.getFilteredTasks(323) - responseCode = 200
2018-05-31 10:57:32 INFO  ApacheHttpClient.getTaskTemplateInfo(340) - responseCode = 200
2018-05-31 10:57:32 INFO  ApacheHttpClient.testConnection(187) - responseCode = 200
2018-05-31 10:57:32 INFO  ApacheHttpClient.testConnection(195) - result = true
2018-05-31 10:57:33 INFO  ApacheHttpClient.testConnection(187) - responseCode = 200
2018-05-31 10:57:33 INFO  ApacheHttpClient.testConnection(195) - result = true
2018-05-31 10:57:33 INFO  ApacheHttpClient.getWebResourceAsStream(436) - responseCode = 200
2018-05-31 10:57:33 INFO  ApacheHttpClient.getTaskTemplateInfo(340) - responseCode = 200
2018-05-31 10:57:34 INFO  ApacheHttpClient.testConnection(187) - responseCode = 200
2018-05-31 10:57:34 INFO  ApacheHttpClient.testConnection(195) - result = true
2018-05-31 10:57:34 INFO  ApacheHttpClient.testConnection(187) - responseCode = 200
2018-05-31 10:57:34 INFO  ApacheHttpClient.testConnection(195) - result = true
2018-05-31 10:57:35 INFO  ApacheHttpClient.getWebResourceAsStream(436) - responseCode = 200
2018-05-31 10:57:37 INFO  ApacheHttpClient.getWebResourceAsStream(436) - responseCode = 200
2018-05-31 10:57:37 INFO  ApacheHttpClient.getFilteredTasks(323) - responseCode = 200
2018-05-31 10:57:44 INFO  ApacheHttpClient.sendEvent(469) - responseCode = 200
2018-05-31 10:57:45 INFO  ApacheHttpClient.getTaskTemplateInfo(340) - responseCode = 200
2018-05-31 10:57:45 INFO  ApacheHttpClient.testConnection(187) - responseCode = 200
2018-05-31 10:57:45 INFO  ApacheHttpClient.testConnection(195) - result = true
2018-05-31 10:57:45 INFO  ApacheHttpClient.testConnection(187) - responseCode = 200
2018-05-31 10:57:45 INFO  ApacheHttpClient.testConnection(195) - result = true
2018-05-31 10:57:45 INFO  ApacheHttpClient.getWebResourceAsStream(436) - responseCode = 200
2018-05-31 10:57:49 INFO  ApacheHttpClient.getWebResourceAsStream(436) - responseCode = 200
2018-05-31 10:57:49 INFO  ApacheHttpClient.getFilteredTasks(323) - responseCode = 200
2018-05-31 10:58:18 INFO  ApacheHttpClient.getTaskTemplateInfo(340) - responseCode = 200
2018-05-31 10:58:18 INFO  ApacheHttpClient.testConnection(187) - responseCode = 200
2018-05-31 10:58:18 INFO  ApacheHttpClient.testConnection(195) - result = true
2018-05-31 10:58:18 INFO  ApacheHttpClient.testConnection(187) - responseCode = 200
2018-05-31 10:58:18 INFO  ApacheHttpClient.testConnection(195) - result = true
2018-05-31 10:58:18 INFO  ApacheHttpClient.getWebResourceAsStream(436) - responseCode = 200
2018-05-31 10:58:18 INFO  ApacheHttpClient.getTaskTemplateInfo(340) - responseCode = 200
2018-05-31 10:58:20 INFO  ApacheHttpClient.testConnection(187) - responseCode = 200
2018-05-31 10:58:20 INFO  ApacheHttpClient.testConnection(195) - result = true
2018-05-31 10:58:20 INFO  ApacheHttpClient.testConnection(187) - responseCode = 200
2018-05-31 10:58:20 INFO  ApacheHttpClient.testConnection(195) - result = true
2018-05-31 10:58:21 INFO  ApacheHttpClient.getWebResourceAsStream(436) - responseCode = 200
2018-05-31 10:58:22 INFO  ApacheHttpClient.getWebResourceAsStream(436) - responseCode = 200
2018-05-31 10:58:22 INFO  ApacheHttpClient.getFilteredTasks(323) - responseCode = 200
2018-05-31 10:58:38 INFO  ApacheHttpClient.getTaskTemplateInfo(340) - responseCode = 200
2018-05-31 10:58:39 INFO  ApacheHttpClient.testConnection(187) - responseCode = 200
2018-05-31 10:58:39 INFO  ApacheHttpClient.testConnection(195) - result = true
2018-05-31 10:58:39 INFO  ApacheHttpClient.testConnection(187) - responseCode = 200
2018-05-31 10:58:39 INFO  ApacheHttpClient.testConnection(195) - result = true
2018-05-31 10:58:39 INFO  ApacheHttpClient.getWebResourceAsStream(436) - responseCode = 200
2018-05-31 10:58:42 INFO  ApacheHttpClient.getWebResourceAsStream(436) - responseCode = 200
2018-05-31 10:58:42 INFO  ApacheHttpClient.getFilteredTasks(323) - responseCode = 200
2018-05-31 10:58:44 INFO  ApacheHttpClient.sendEvent(469) - responseCode = 200
2018-05-31 10:58:48 INFO  ApacheHttpClient.getTaskTemplateInfo(340) - responseCode = 200
2018-05-31 10:58:48 INFO  ApacheHttpClient.testConnection(187) - responseCode = 200
2018-05-31 10:58:48 INFO  ApacheHttpClient.testConnection(195) - result = true
2018-05-31 10:58:48 INFO  ApacheHttpClient.testConnection(187) - responseCode = 200
2018-05-31 10:58:48 INFO  ApacheHttpClient.testConnection(195) - result = true
2018-05-31 10:58:48 INFO  ApacheHttpClient.getWebResourceAsStream(436) - responseCode = 200
2018-05-31 10:58:56 INFO  ApacheHttpClient.getWebResourceAsStream(436) - responseCode = 200
2018-05-31 10:58:56 INFO  ApacheHttpClient.getFilteredTasks(323) - responseCode = 200
2018-05-31 10:59:44 INFO  ApacheHttpClient.sendEvent(469) - responseCode = 200
2018-05-31 11:00:14 INFO  ApacheHttpClient.getTaskTemplateInfo(340) - responseCode = 200
2018-05-31 11:00:14 INFO  ApacheHttpClient.testConnection(187) - responseCode = 200
2018-05-31 11:00:14 INFO  ApacheHttpClient.testConnection(195) - result = true
2018-05-31 11:00:14 INFO  ApacheHttpClient.testConnection(187) - responseCode = 200
2018-05-31 11:00:14 INFO  ApacheHttpClient.testConnection(195) - result = true
2018-05-31 11:00:14 INFO  ApacheHttpClient.getWebResourceAsStream(436) - responseCode = 200
2018-05-31 11:00:18 INFO  ApacheHttpClient.getWebResourceAsStream(436) - responseCode = 200
2018-05-31 11:00:18 INFO  ApacheHttpClient.getFilteredTasks(323) - responseCode = 200
2018-05-31 11:00:26 INFO  ApacheHttpClient.getTaskTemplateInfo(340) - responseCode = 200
2018-05-31 11:00:26 INFO  ApacheHttpClient.testConnection(187) - responseCode = 200
2018-05-31 11:00:26 INFO  ApacheHttpClient.testConnection(195) - result = true
2018-05-31 11:00:26 INFO  ApacheHttpClient.testConnection(187) - responseCode = 200
2018-05-31 11:00:26 INFO  ApacheHttpClient.testConnection(195) - result = true
2018-05-31 11:00:26 INFO  ApacheHttpClient.getWebResourceAsStream(436) - responseCode = 200
2018-05-31 11:00:30 INFO  ApacheHttpClient.getWebResourceAsStream(436) - responseCode = 200
2018-05-31 11:00:30 INFO  ApacheHttpClient.getFilteredTasks(323) - responseCode = 200
2018-05-31 11:00:35 INFO  ApacheHttpClient.getTaskTemplateInfo(340) - responseCode = 200
2018-05-31 11:00:35 INFO  ApacheHttpClient.testConnection(187) - responseCode = 200
2018-05-31 11:00:35 INFO  ApacheHttpClient.testConnection(195) - result = true
2018-05-31 11:00:35 INFO  ApacheHttpClient.testConnection(187) - responseCode = 200
2018-05-31 11:00:35 INFO  ApacheHttpClient.testConnection(195) - result = true
2018-05-31 11:00:35 INFO  ApacheHttpClient.getWebResourceAsStream(436) - responseCode = 200
2018-05-31 11:00:37 INFO  ApacheHttpClient.getWebResourceAsStream(436) - responseCode = 200
2018-05-31 11:00:37 INFO  ApacheHttpClient.getFilteredTasks(323) - responseCode = 200
2018-05-31 11:00:42 INFO  ApacheHttpClient.getTaskTemplateInfo(340) - responseCode = 200
2018-05-31 11:00:43 INFO  ApacheHttpClient.testConnection(187) - responseCode = 200
2018-05-31 11:00:43 INFO  ApacheHttpClient.testConnection(195) - result = true
2018-05-31 11:00:43 INFO  ApacheHttpClient.testConnection(187) - responseCode = 200
2018-05-31 11:00:43 INFO  ApacheHttpClient.testConnection(195) - result = true
2018-05-31 11:00:43 INFO  ApacheHttpClient.getWebResourceAsStream(436) - responseCode = 200
2018-05-31 11:00:44 INFO  ApacheHttpClient.sendEvent(469) - responseCode = 200
2018-05-31 11:00:45 INFO  ApacheHttpClient.getWebResourceAsStream(436) - responseCode = 200
2018-05-31 11:00:45 INFO  ApacheHttpClient.getFilteredTasks(323) - responseCode = 200
2018-05-31 11:00:48 INFO  ApacheHttpClient.getTaskTemplateInfo(340) - responseCode = 200
2018-05-31 11:00:49 INFO  ApacheHttpClient.testConnection(187) - responseCode = 200
2018-05-31 11:00:49 INFO  ApacheHttpClient.testConnection(195) - result = true
2018-05-31 11:00:49 INFO  ApacheHttpClient.testConnection(187) - responseCode = 200
2018-05-31 11:00:49 INFO  ApacheHttpClient.testConnection(195) - result = true
2018-05-31 11:00:49 INFO  ApacheHttpClient.getWebResourceAsStream(436) - responseCode = 200
2018-05-31 11:00:50 INFO  ApacheHttpClient.getWebResourceAsStream(436) - responseCode = 200
2018-05-31 11:00:51 INFO  ApacheHttpClient.getFilteredTasks(323) - responseCode = 200
2018-05-31 11:00:55 INFO  ApacheHttpClient.getTaskTemplateInfo(340) - responseCode = 200
2018-05-31 11:00:55 INFO  ApacheHttpClient.testConnection(187) - responseCode = 200
2018-05-31 11:00:55 INFO  ApacheHttpClient.testConnection(195) - result = true
2018-05-31 11:00:55 INFO  ApacheHttpClient.testConnection(187) - responseCode = 200
2018-05-31 11:00:55 INFO  ApacheHttpClient.testConnection(195) - result = true
2018-05-31 11:00:55 INFO  ApacheHttpClient.getWebResourceAsStream(436) - responseCode = 200
2018-05-31 11:00:56 INFO  ApacheHttpClient.getWebResourceAsStream(436) - responseCode = 200
2018-05-31 11:00:56 INFO  ApacheHttpClient.getFilteredTasks(323) - responseCode = 200
2018-05-31 11:01:01 INFO  ApacheHttpClient.getTaskTemplateInfo(340) - responseCode = 200
2018-05-31 11:01:01 INFO  ApacheHttpClient.testConnection(187) - responseCode = 200
2018-05-31 11:01:01 INFO  ApacheHttpClient.testConnection(195) - result = true
2018-05-31 11:01:01 INFO  ApacheHttpClient.testConnection(187) - responseCode = 200
2018-05-31 11:01:01 INFO  ApacheHttpClient.testConnection(195) - result = true
2018-05-31 11:01:01 INFO  ApacheHttpClient.getWebResourceAsStream(436) - responseCode = 200
2018-05-31 11:01:03 INFO  ApacheHttpClient.getWebResourceAsStream(436) - responseCode = 200
2018-05-31 11:01:03 INFO  ApacheHttpClient.getFilteredTasks(323) - responseCode = 200
2018-05-31 11:01:07 INFO  ApacheHttpClient.getTaskTemplateInfo(340) - responseCode = 200
2018-05-31 11:01:07 INFO  ApacheHttpClient.testConnection(187) - responseCode = 200
2018-05-31 11:01:07 INFO  ApacheHttpClient.testConnection(195) - result = true
2018-05-31 11:01:07 INFO  ApacheHttpClient.testConnection(187) - responseCode = 200
2018-05-31 11:01:07 INFO  ApacheHttpClient.testConnection(195) - result = true
2018-05-31 11:01:07 INFO  ApacheHttpClient.getWebResourceAsStream(436) - responseCode = 200
2018-05-31 11:01:09 INFO  ApacheHttpClient.getWebResourceAsStream(436) - responseCode = 200
2018-05-31 11:01:09 INFO  ApacheHttpClient.getFilteredTasks(323) - responseCode = 200
2018-05-31 11:01:15 INFO  ApacheHttpClient.getTaskTemplateInfo(340) - responseCode = 200
2018-05-31 11:01:15 INFO  ApacheHttpClient.testConnection(187) - responseCode = 200
2018-05-31 11:01:15 INFO  ApacheHttpClient.testConnection(195) - result = true
2018-05-31 11:01:15 INFO  ApacheHttpClient.testConnection(187) - responseCode = 200
2018-05-31 11:01:15 INFO  ApacheHttpClient.testConnection(195) - result = true
2018-05-31 11:01:15 INFO  ApacheHttpClient.getWebResourceAsStream(436) - responseCode = 200
2018-05-31 11:01:17 INFO  ApacheHttpClient.getWebResourceAsStream(436) - responseCode = 200
2018-05-31 11:01:17 INFO  ApacheHttpClient.getFilteredTasks(323) - responseCode = 200
2018-05-31 11:01:21 INFO  ApacheHttpClient.getTaskTemplateInfo(340) - responseCode = 200
2018-05-31 11:01:21 INFO  ApacheHttpClient.testConnection(187) - responseCode = 200
2018-05-31 11:01:21 INFO  ApacheHttpClient.testConnection(195) - result = true
2018-05-31 11:01:21 INFO  ApacheHttpClient.testConnection(187) - responseCode = 200
2018-05-31 11:01:21 INFO  ApacheHttpClient.testConnection(195) - result = true
2018-05-31 11:01:22 INFO  ApacheHttpClient.getWebResourceAsStream(436) - responseCode = 200
2018-05-31 11:01:24 INFO  ApacheHttpClient.getWebResourceAsStream(436) - responseCode = 200
2018-05-31 11:01:24 INFO  ApacheHttpClient.getFilteredTasks(323) - responseCode = 200
2018-05-31 11:01:27 INFO  ApacheHttpClient.getTaskTemplateInfo(340) - responseCode = 200
2018-05-31 11:01:27 INFO  ApacheHttpClient.testConnection(187) - responseCode = 200
2018-05-31 11:01:27 INFO  ApacheHttpClient.testConnection(195) - result = true
2018-05-31 11:01:27 INFO  ApacheHttpClient.testConnection(187) - responseCode = 200
2018-05-31 11:01:27 INFO  ApacheHttpClient.testConnection(195) - result = true
2018-05-31 11:01:27 INFO  ApacheHttpClient.getWebResourceAsStream(436) - responseCode = 200
2018-05-31 11:01:30 INFO  ApacheHttpClient.getWebResourceAsStream(436) - responseCode = 200
2018-05-31 11:01:30 INFO  ApacheHttpClient.getFilteredTasks(323) - responseCode = 200
2018-05-31 11:01:44 INFO  ApacheHttpClient.sendEvent(469) - responseCode = 200
2018-05-31 11:02:44 INFO  ApacheHttpClient.sendEvent(469) - responseCode = 200
2018-05-31 11:03:28 INFO  ApacheHttpClient.getWebResourceAsStream(436) - responseCode = 200
2018-05-31 11:03:28 INFO  ApacheHttpClient.getFilteredTasks(323) - responseCode = 200
2018-05-31 11:03:44 INFO  ApacheHttpClient.sendEvent(469) - responseCode = 200
2018-05-31 11:04:44 INFO  ApacheHttpClient.sendEvent(469) - responseCode = 200
2018-05-31 11:05:27 INFO  ApacheHttpClient.getWebResourceAsStream(436) - responseCode = 200
2018-05-31 11:05:27 INFO  ApacheHttpClient.getFilteredTasks(323) - responseCode = 200
2018-05-31 11:05:34 INFO  ApacheHttpClient.getFilteredTasks(323) - responseCode = 200
2018-05-31 11:05:37 INFO  ApacheHttpClient.getTaskTemplateInfo(340) - responseCode = 200
2018-05-31 11:05:37 INFO  ApacheHttpClient.testConnection(187) - responseCode = 200
2018-05-31 11:05:37 INFO  ApacheHttpClient.testConnection(195) - result = true
2018-05-31 11:05:37 INFO  ApacheHttpClient.testConnection(187) - responseCode = 200
2018-05-31 11:05:37 INFO  ApacheHttpClient.testConnection(195) - result = true
2018-05-31 11:05:37 INFO  ApacheHttpClient.getWebResourceAsStream(436) - responseCode = 200
2018-05-31 11:05:44 INFO  ApacheHttpClient.sendEvent(469) - responseCode = 200
2018-05-31 11:05:47 INFO  ApacheHttpClient.getWebResourceAsStream(436) - responseCode = 200
2018-05-31 11:05:47 INFO  ApacheHttpClient.getFilteredTasks(323) - responseCode = 200
2018-05-31 11:05:49 INFO  ApacheHttpClient.getTaskTemplateInfo(340) - responseCode = 200
2018-05-31 11:05:49 INFO  ApacheHttpClient.testConnection(187) - responseCode = 200
2018-05-31 11:05:49 INFO  ApacheHttpClient.testConnection(195) - result = true
2018-05-31 11:05:49 INFO  ApacheHttpClient.testConnection(187) - responseCode = 200
2018-05-31 11:05:49 INFO  ApacheHttpClient.testConnection(195) - result = true
2018-05-31 11:05:49 INFO  ApacheHttpClient.getWebResourceAsStream(436) - responseCode = 200
2018-05-31 11:05:51 INFO  ApacheHttpClient.getWebResourceAsStream(436) - responseCode = 200
2018-05-31 11:05:51 INFO  ApacheHttpClient.getFilteredTasks(323) - responseCode = 200
2018-05-31 11:05:52 INFO  ApacheHttpClient.getTaskTemplateInfo(340) - responseCode = 200
2018-05-31 11:05:53 INFO  ApacheHttpClient.testConnection(187) - responseCode = 200
2018-05-31 11:05:53 INFO  ApacheHttpClient.testConnection(195) - result = true
2018-05-31 11:05:53 INFO  ApacheHttpClient.testConnection(187) - responseCode = 200
2018-05-31 11:05:53 INFO  ApacheHttpClient.testConnection(195) - result = true
2018-05-31 11:05:53 INFO  ApacheHttpClient.getWebResourceAsStream(436) - responseCode = 200
2018-05-31 11:05:54 INFO  ApacheHttpClient.getWebResourceAsStream(436) - responseCode = 200
2018-05-31 11:05:55 INFO  ApacheHttpClient.getFilteredTasks(323) - responseCode = 200
2018-05-31 11:05:56 INFO  ApacheHttpClient.getTaskTemplateInfo(340) - responseCode = 200
2018-05-31 11:05:57 INFO  ApacheHttpClient.testConnection(187) - responseCode = 200
2018-05-31 11:05:57 INFO  ApacheHttpClient.testConnection(195) - result = true
2018-05-31 11:05:57 INFO  ApacheHttpClient.testConnection(187) - responseCode = 200
2018-05-31 11:05:57 INFO  ApacheHttpClient.testConnection(195) - result = true
2018-05-31 11:05:57 INFO  ApacheHttpClient.getWebResourceAsStream(436) - responseCode = 200
2018-05-31 11:06:00 INFO  ApacheHttpClient.getWebResourceAsStream(436) - responseCode = 200
2018-05-31 11:06:01 INFO  ApacheHttpClient.getFilteredTasks(323) - responseCode = 200
2018-05-31 11:06:02 INFO  ApacheHttpClient.getTaskTemplateInfo(340) - responseCode = 200
2018-05-31 11:06:02 INFO  ApacheHttpClient.testConnection(187) - responseCode = 200
2018-05-31 11:06:02 INFO  ApacheHttpClient.testConnection(195) - result = true
2018-05-31 11:06:02 INFO  ApacheHttpClient.testConnection(187) - responseCode = 200
2018-05-31 11:06:02 INFO  ApacheHttpClient.testConnection(195) - result = true
2018-05-31 11:06:02 INFO  ApacheHttpClient.getWebResourceAsStream(436) - responseCode = 200
2018-05-31 11:06:04 INFO  ApacheHttpClient.getWebResourceAsStream(436) - responseCode = 200
2018-05-31 11:06:04 INFO  ApacheHttpClient.getFilteredTasks(323) - responseCode = 200
2018-05-31 11:06:05 INFO  ApacheHttpClient.getTaskTemplateInfo(340) - responseCode = 200
2018-05-31 11:06:06 INFO  ApacheHttpClient.testConnection(187) - responseCode = 200
2018-05-31 11:06:06 INFO  ApacheHttpClient.testConnection(195) - result = true
2018-05-31 11:06:06 INFO  ApacheHttpClient.testConnection(187) - responseCode = 200
2018-05-31 11:06:06 INFO  ApacheHttpClient.testConnection(195) - result = true
2018-05-31 11:06:06 INFO  ApacheHttpClient.getWebResourceAsStream(436) - responseCode = 200
2018-05-31 11:06:06 INFO  ApacheHttpClient.getTaskTemplateInfo(340) - responseCode = 200
2018-05-31 11:06:09 INFO  ApacheHttpClient.testConnection(187) - responseCode = 200
2018-05-31 11:06:09 INFO  ApacheHttpClient.testConnection(195) - result = true
2018-05-31 11:06:09 INFO  ApacheHttpClient.testConnection(187) - responseCode = 200
2018-05-31 11:06:09 INFO  ApacheHttpClient.testConnection(195) - result = true
2018-05-31 11:06:09 INFO  ApacheHttpClient.getWebResourceAsStream(436) - responseCode = 200
2018-05-31 11:06:14 INFO  ApacheHttpClient.getWebResourceAsStream(436) - responseCode = 200
2018-05-31 11:06:14 INFO  ApacheHttpClient.getFilteredTasks(323) - responseCode = 200
2018-05-31 11:06:18 INFO  ApacheHttpClient.getTaskTemplateInfo(340) - responseCode = 200
2018-05-31 11:06:18 INFO  ApacheHttpClient.testConnection(187) - responseCode = 200
2018-05-31 11:06:18 INFO  ApacheHttpClient.testConnection(195) - result = true
2018-05-31 11:06:18 INFO  ApacheHttpClient.testConnection(187) - responseCode = 200
2018-05-31 11:06:18 INFO  ApacheHttpClient.testConnection(195) - result = true
2018-05-31 11:06:18 INFO  ApacheHttpClient.getWebResourceAsStream(436) - responseCode = 200
2018-05-31 11:06:21 INFO  ApacheHttpClient.getWebResourceAsStream(436) - responseCode = 200
2018-05-31 11:06:21 INFO  ApacheHttpClient.getFilteredTasks(323) - responseCode = 200
2018-05-31 11:06:23 INFO  ApacheHttpClient.getTaskTemplateInfo(340) - responseCode = 200
2018-05-31 11:06:23 INFO  ApacheHttpClient.testConnection(187) - responseCode = 200
2018-05-31 11:06:23 INFO  ApacheHttpClient.testConnection(195) - result = true
2018-05-31 11:06:23 INFO  ApacheHttpClient.testConnection(187) - responseCode = 200
2018-05-31 11:06:23 INFO  ApacheHttpClient.testConnection(195) - result = true
2018-05-31 11:06:23 INFO  ApacheHttpClient.getWebResourceAsStream(436) - responseCode = 200
2018-05-31 11:06:26 INFO  ApacheHttpClient.getWebResourceAsStream(436) - responseCode = 200
2018-05-31 11:06:26 INFO  ApacheHttpClient.getFilteredTasks(323) - responseCode = 200
2018-05-31 11:06:28 INFO  ApacheHttpClient.getTaskTemplateInfo(340) - responseCode = 200
2018-05-31 11:06:28 INFO  ApacheHttpClient.testConnection(187) - responseCode = 200
2018-05-31 11:06:28 INFO  ApacheHttpClient.testConnection(195) - result = true
2018-05-31 11:06:29 INFO  ApacheHttpClient.testConnection(187) - responseCode = 200
2018-05-31 11:06:29 INFO  ApacheHttpClient.testConnection(195) - result = true
2018-05-31 11:06:29 INFO  ApacheHttpClient.getWebResourceAsStream(436) - responseCode = 200
2018-05-31 11:06:30 INFO  ApacheHttpClient.getWebResourceAsStream(436) - responseCode = 200
2018-05-31 11:06:30 INFO  ApacheHttpClient.getFilteredTasks(323) - responseCode = 200
2018-05-31 11:06:33 INFO  ApacheHttpClient.getTaskTemplateInfo(340) - responseCode = 200
2018-05-31 11:06:33 INFO  ApacheHttpClient.testConnection(187) - responseCode = 200
2018-05-31 11:06:33 INFO  ApacheHttpClient.testConnection(195) - result = true
2018-05-31 11:06:34 INFO  ApacheHttpClient.testConnection(187) - responseCode = 200
2018-05-31 11:06:34 INFO  ApacheHttpClient.testConnection(195) - result = true
2018-05-31 11:06:34 INFO  ApacheHttpClient.getWebResourceAsStream(436) - responseCode = 200
2018-05-31 11:06:34 INFO  ApacheHttpClient.getTaskTemplateInfo(340) - responseCode = 200
2018-05-31 11:06:36 INFO  ApacheHttpClient.testConnection(187) - responseCode = 200
2018-05-31 11:06:36 INFO  ApacheHttpClient.testConnection(195) - result = true
2018-05-31 11:06:36 INFO  ApacheHttpClient.testConnection(187) - responseCode = 200
2018-05-31 11:06:36 INFO  ApacheHttpClient.testConnection(195) - result = true
2018-05-31 11:06:36 INFO  ApacheHttpClient.getWebResourceAsStream(436) - responseCode = 200
2018-05-31 11:06:38 INFO  ApacheHttpClient.getWebResourceAsStream(436) - responseCode = 200
2018-05-31 11:06:38 INFO  ApacheHttpClient.getFilteredTasks(323) - responseCode = 200
2018-05-31 11:06:42 INFO  ApacheHttpClient.getTaskTemplateInfo(340) - responseCode = 200
2018-05-31 11:06:42 INFO  ApacheHttpClient.testConnection(187) - responseCode = 200
2018-05-31 11:06:42 INFO  ApacheHttpClient.testConnection(195) - result = true
2018-05-31 11:06:42 INFO  ApacheHttpClient.testConnection(187) - responseCode = 200
2018-05-31 11:06:42 INFO  ApacheHttpClient.testConnection(195) - result = true
2018-05-31 11:06:42 INFO  ApacheHttpClient.getWebResourceAsStream(436) - responseCode = 200
2018-05-31 11:06:44 INFO  ApacheHttpClient.getWebResourceAsStream(436) - responseCode = 200
2018-05-31 11:06:44 INFO  ApacheHttpClient.getFilteredTasks(323) - responseCode = 200
2018-05-31 11:06:44 INFO  ApacheHttpClient.sendEvent(469) - responseCode = 200
2018-05-31 11:06:47 INFO  ApacheHttpClient.getTaskTemplateInfo(340) - responseCode = 200
2018-05-31 11:06:47 INFO  ApacheHttpClient.testConnection(187) - responseCode = 200
2018-05-31 11:06:47 INFO  ApacheHttpClient.testConnection(195) - result = true
2018-05-31 11:06:47 INFO  ApacheHttpClient.testConnection(187) - responseCode = 200
2018-05-31 11:06:47 INFO  ApacheHttpClient.testConnection(195) - result = true
2018-05-31 11:06:47 INFO  ApacheHttpClient.getWebResourceAsStream(436) - responseCode = 200
2018-05-31 11:06:49 INFO  ApacheHttpClient.getWebResourceAsStream(436) - responseCode = 200
2018-05-31 11:06:49 INFO  ApacheHttpClient.getFilteredTasks(323) - responseCode = 200
2018-05-31 11:06:53 INFO  ApacheHttpClient.getTaskTemplateInfo(340) - responseCode = 200
2018-05-31 11:06:53 INFO  ApacheHttpClient.testConnection(187) - responseCode = 200
2018-05-31 11:06:53 INFO  ApacheHttpClient.testConnection(195) - result = true
2018-05-31 11:06:54 INFO  ApacheHttpClient.testConnection(187) - responseCode = 200
2018-05-31 11:06:54 INFO  ApacheHttpClient.testConnection(195) - result = true
2018-05-31 11:06:54 INFO  ApacheHttpClient.getWebResourceAsStream(436) - responseCode = 200
2018-05-31 11:06:56 INFO  ApacheHttpClient.getWebResourceAsStream(436) - responseCode = 200
2018-05-31 11:06:56 INFO  ApacheHttpClient.getFilteredTasks(323) - responseCode = 200
2018-05-31 11:06:59 INFO  ApacheHttpClient.getTaskTemplateInfo(340) - responseCode = 200
2018-05-31 11:07:00 INFO  ApacheHttpClient.testConnection(187) - responseCode = 200
2018-05-31 11:07:00 INFO  ApacheHttpClient.testConnection(195) - result = true
2018-05-31 11:07:00 INFO  ApacheHttpClient.testConnection(187) - responseCode = 200
2018-05-31 11:07:00 INFO  ApacheHttpClient.testConnection(195) - result = true
2018-05-31 11:07:00 INFO  ApacheHttpClient.getWebResourceAsStream(436) - responseCode = 200
2018-05-31 11:07:01 INFO  ApacheHttpClient.getWebResourceAsStream(436) - responseCode = 200
2018-05-31 11:07:01 INFO  ApacheHttpClient.getFilteredTasks(323) - responseCode = 200
2018-05-31 11:07:05 INFO  ApacheHttpClient.getTaskTemplateInfo(340) - responseCode = 200
2018-05-31 11:07:05 INFO  ApacheHttpClient.testConnection(187) - responseCode = 200
2018-05-31 11:07:05 INFO  ApacheHttpClient.testConnection(195) - result = true
2018-05-31 11:07:05 INFO  ApacheHttpClient.testConnection(187) - responseCode = 200
2018-05-31 11:07:05 INFO  ApacheHttpClient.testConnection(195) - result = true
2018-05-31 11:07:05 INFO  ApacheHttpClient.getWebResourceAsStream(436) - responseCode = 200
2018-05-31 11:07:06 INFO  ApacheHttpClient.getWebResourceAsStream(436) - responseCode = 200
2018-05-31 11:07:06 INFO  ApacheHttpClient.getFilteredTasks(323) - responseCode = 200
2018-05-31 11:07:10 INFO  ApacheHttpClient.getTaskTemplateInfo(340) - responseCode = 200
2018-05-31 11:07:10 INFO  ApacheHttpClient.testConnection(187) - responseCode = 200
2018-05-31 11:07:10 INFO  ApacheHttpClient.testConnection(195) - result = true
2018-05-31 11:07:10 INFO  ApacheHttpClient.testConnection(187) - responseCode = 200
2018-05-31 11:07:10 INFO  ApacheHttpClient.testConnection(195) - result = true
2018-05-31 11:07:10 INFO  ApacheHttpClient.getWebResourceAsStream(436) - responseCode = 200
2018-05-31 11:07:12 INFO  ApacheHttpClient.getWebResourceAsStream(436) - responseCode = 200
2018-05-31 11:07:12 INFO  ApacheHttpClient.getFilteredTasks(323) - responseCode = 200
2018-05-31 11:07:15 INFO  ApacheHttpClient.getTaskTemplateInfo(340) - responseCode = 200
2018-05-31 11:07:15 INFO  ApacheHttpClient.testConnection(187) - responseCode = 200
2018-05-31 11:07:15 INFO  ApacheHttpClient.testConnection(195) - result = true
2018-05-31 11:07:16 INFO  ApacheHttpClient.testConnection(187) - responseCode = 200
2018-05-31 11:07:16 INFO  ApacheHttpClient.testConnection(195) - result = true
2018-05-31 11:07:16 INFO  ApacheHttpClient.getWebResourceAsStream(436) - responseCode = 200
2018-05-31 11:07:17 INFO  ApacheHttpClient.getWebResourceAsStream(436) - responseCode = 200
2018-05-31 11:07:17 INFO  ApacheHttpClient.getFilteredTasks(323) - responseCode = 200
2018-05-31 11:07:25 INFO  ApacheHttpClient.getTaskTemplateInfo(340) - responseCode = 200
2018-05-31 11:07:25 INFO  ApacheHttpClient.testConnection(187) - responseCode = 200
2018-05-31 11:07:25 INFO  ApacheHttpClient.testConnection(195) - result = true
2018-05-31 11:07:25 INFO  ApacheHttpClient.testConnection(187) - responseCode = 200
2018-05-31 11:07:25 INFO  ApacheHttpClient.testConnection(195) - result = true
2018-05-31 11:07:25 INFO  ApacheHttpClient.getWebResourceAsStream(436) - responseCode = 200
2018-05-31 11:07:28 INFO  ApacheHttpClient.getWebResourceAsStream(436) - responseCode = 200
2018-05-31 11:07:29 INFO  ApacheHttpClient.getFilteredTasks(323) - responseCode = 200
2018-05-31 11:07:38 INFO  ApacheHttpClient.getTaskTemplateInfo(340) - responseCode = 200
2018-05-31 11:07:38 INFO  ApacheHttpClient.testConnection(187) - responseCode = 200
2018-05-31 11:07:38 INFO  ApacheHttpClient.testConnection(195) - result = true
2018-05-31 11:07:38 INFO  ApacheHttpClient.testConnection(187) - responseCode = 200
2018-05-31 11:07:38 INFO  ApacheHttpClient.testConnection(195) - result = true
2018-05-31 11:07:38 INFO  ApacheHttpClient.getWebResourceAsStream(436) - responseCode = 200
2018-05-31 11:07:41 INFO  ApacheHttpClient.getWebResourceAsStream(436) - responseCode = 200
2018-05-31 11:07:41 INFO  ApacheHttpClient.getFilteredTasks(323) - responseCode = 200
2018-05-31 11:07:44 INFO  ApacheHttpClient.sendEvent(469) - responseCode = 200
2018-05-31 11:07:48 INFO  ApacheHttpClient.getTaskTemplateInfo(340) - responseCode = 200
2018-05-31 11:07:48 INFO  ApacheHttpClient.testConnection(187) - responseCode = 200
2018-05-31 11:07:48 INFO  ApacheHttpClient.testConnection(195) - result = true
2018-05-31 11:07:48 INFO  ApacheHttpClient.testConnection(187) - responseCode = 200
2018-05-31 11:07:48 INFO  ApacheHttpClient.testConnection(195) - result = true
2018-05-31 11:07:48 INFO  ApacheHttpClient.getWebResourceAsStream(436) - responseCode = 200
2018-05-31 11:07:50 INFO  ApacheHttpClient.getWebResourceAsStream(436) - responseCode = 200
2018-05-31 11:07:50 INFO  ApacheHttpClient.getFilteredTasks(323) - responseCode = 200
2018-05-31 11:07:53 INFO  ApacheHttpClient.getTaskTemplateInfo(340) - responseCode = 200
2018-05-31 11:07:54 INFO  ApacheHttpClient.testConnection(187) - responseCode = 200
2018-05-31 11:07:54 INFO  ApacheHttpClient.testConnection(195) - result = true
2018-05-31 11:07:54 INFO  ApacheHttpClient.testConnection(187) - responseCode = 200
2018-05-31 11:07:54 INFO  ApacheHttpClient.testConnection(195) - result = true
2018-05-31 11:07:54 INFO  ApacheHttpClient.getWebResourceAsStream(436) - responseCode = 200
2018-05-31 11:07:55 INFO  ApacheHttpClient.getWebResourceAsStream(436) - responseCode = 200
2018-05-31 11:07:55 INFO  ApacheHttpClient.getFilteredTasks(323) - responseCode = 200
2018-05-31 11:07:58 INFO  ApacheHttpClient.getTaskTemplateInfo(340) - responseCode = 200
2018-05-31 11:07:58 INFO  ApacheHttpClient.testConnection(187) - responseCode = 200
2018-05-31 11:07:58 INFO  ApacheHttpClient.testConnection(195) - result = true
2018-05-31 11:07:58 INFO  ApacheHttpClient.testConnection(187) - responseCode = 200
2018-05-31 11:07:58 INFO  ApacheHttpClient.testConnection(195) - result = true
2018-05-31 11:07:58 INFO  ApacheHttpClient.getWebResourceAsStream(436) - responseCode = 200
2018-05-31 11:08:01 INFO  ApacheHttpClient.getWebResourceAsStream(436) - responseCode = 200
2018-05-31 11:08:01 INFO  ApacheHttpClient.getFilteredTasks(323) - responseCode = 200
2018-05-31 11:08:06 INFO  ApacheHttpClient.getFilteredTasks(323) - responseCode = 200
2018-05-31 11:08:08 INFO  ApacheHttpClient.getTaskTemplateInfo(340) - responseCode = 200
2018-05-31 11:08:08 INFO  ApacheHttpClient.testConnection(187) - responseCode = 200
2018-05-31 11:08:08 INFO  ApacheHttpClient.testConnection(195) - result = true
2018-05-31 11:08:08 INFO  ApacheHttpClient.testConnection(187) - responseCode = 200
2018-05-31 11:08:08 INFO  ApacheHttpClient.testConnection(195) - result = true
2018-05-31 11:08:08 INFO  ApacheHttpClient.getWebResourceAsStream(436) - responseCode = 200
2018-05-31 11:08:11 INFO  ApacheHttpClient.getWebResourceAsStream(436) - responseCode = 200
2018-05-31 11:08:11 INFO  ApacheHttpClient.getFilteredTasks(323) - responseCode = 200
2018-05-31 11:08:20 INFO  ApacheHttpClient.getTaskTemplateInfo(340) - responseCode = 200
2018-05-31 11:08:20 INFO  ApacheHttpClient.testConnection(187) - responseCode = 200
2018-05-31 11:08:20 INFO  ApacheHttpClient.testConnection(195) - result = true
2018-05-31 11:08:20 INFO  ApacheHttpClient.testConnection(187) - responseCode = 200
2018-05-31 11:08:20 INFO  ApacheHttpClient.testConnection(195) - result = true
2018-05-31 11:08:20 INFO  ApacheHttpClient.getWebResourceAsStream(436) - responseCode = 200
2018-05-31 11:08:22 INFO  ApacheHttpClient.getWebResourceAsStream(436) - responseCode = 200
2018-05-31 11:08:22 INFO  ApacheHttpClient.getFilteredTasks(323) - responseCode = 200
2018-05-31 11:08:23 INFO  ApacheHttpClient.getTaskTemplateInfo(340) - responseCode = 200
2018-05-31 11:08:23 INFO  ApacheHttpClient.testConnection(187) - responseCode = 200
2018-05-31 11:08:23 INFO  ApacheHttpClient.testConnection(195) - result = true
2018-05-31 11:08:23 INFO  ApacheHttpClient.testConnection(187) - responseCode = 200
2018-05-31 11:08:23 INFO  ApacheHttpClient.testConnection(195) - result = true
2018-05-31 11:08:23 INFO  ApacheHttpClient.getWebResourceAsStream(436) - responseCode = 200
2018-05-31 11:08:24 INFO  ApacheHttpClient.getTaskTemplateInfo(340) - responseCode = 200
2018-05-31 11:08:26 INFO  ApacheHttpClient.testConnection(187) - responseCode = 200
2018-05-31 11:08:26 INFO  ApacheHttpClient.testConnection(195) - result = true
2018-05-31 11:08:26 INFO  ApacheHttpClient.testConnection(187) - responseCode = 200
2018-05-31 11:08:26 INFO  ApacheHttpClient.testConnection(195) - result = true
2018-05-31 11:08:26 INFO  ApacheHttpClient.getWebResourceAsStream(436) - responseCode = 200
2018-05-31 11:08:32 INFO  ApacheHttpClient.getWebResourceAsStream(436) - responseCode = 200
2018-05-31 11:08:32 INFO  ApacheHttpClient.getFilteredTasks(323) - responseCode = 200
2018-05-31 11:08:36 INFO  ApacheHttpClient.getTaskTemplateInfo(340) - responseCode = 200
2018-05-31 11:08:37 INFO  ApacheHttpClient.testConnection(187) - responseCode = 200
2018-05-31 11:08:37 INFO  ApacheHttpClient.testConnection(195) - result = true
2018-05-31 11:08:37 INFO  ApacheHttpClient.testConnection(187) - responseCode = 200
2018-05-31 11:08:37 INFO  ApacheHttpClient.testConnection(195) - result = true
2018-05-31 11:08:37 INFO  ApacheHttpClient.getWebResourceAsStream(436) - responseCode = 200
2018-05-31 11:08:38 INFO  ApacheHttpClient.getWebResourceAsStream(436) - responseCode = 200
2018-05-31 11:08:38 INFO  ApacheHttpClient.getFilteredTasks(323) - responseCode = 200
2018-05-31 11:08:40 INFO  ApacheHttpClient.getTaskTemplateInfo(340) - responseCode = 200
2018-05-31 11:08:40 INFO  ApacheHttpClient.testConnection(187) - responseCode = 200
2018-05-31 11:08:40 INFO  ApacheHttpClient.testConnection(195) - result = true
2018-05-31 11:08:40 INFO  ApacheHttpClient.testConnection(187) - responseCode = 200
2018-05-31 11:08:40 INFO  ApacheHttpClient.testConnection(195) - result = true
2018-05-31 11:08:40 INFO  ApacheHttpClient.getWebResourceAsStream(436) - responseCode = 200
2018-05-31 11:08:40 INFO  ApacheHttpClient.getTaskTemplateInfo(340) - responseCode = 200
2018-05-31 11:08:42 INFO  ApacheHttpClient.testConnection(187) - responseCode = 200
2018-05-31 11:08:42 INFO  ApacheHttpClient.testConnection(195) - result = true
2018-05-31 11:08:42 INFO  ApacheHttpClient.testConnection(187) - responseCode = 200
2018-05-31 11:08:42 INFO  ApacheHttpClient.testConnection(195) - result = true
2018-05-31 11:08:42 INFO  ApacheHttpClient.getWebResourceAsStream(436) - responseCode = 200
2018-05-31 11:08:43 INFO  ApacheHttpClient.getWebResourceAsStream(436) - responseCode = 200
2018-05-31 11:08:43 INFO  ApacheHttpClient.getFilteredTasks(323) - responseCode = 200
2018-05-31 11:08:44 INFO  ApacheHttpClient.sendEvent(469) - responseCode = 200
2018-05-31 11:08:45 INFO  ApacheHttpClient.getTaskTemplateInfo(340) - responseCode = 200
2018-05-31 11:08:45 INFO  ApacheHttpClient.testConnection(187) - responseCode = 200
2018-05-31 11:08:45 INFO  ApacheHttpClient.testConnection(195) - result = true
2018-05-31 11:08:45 INFO  ApacheHttpClient.testConnection(187) - responseCode = 200
2018-05-31 11:08:45 INFO  ApacheHttpClient.testConnection(195) - result = true
2018-05-31 11:08:45 INFO  ApacheHttpClient.getWebResourceAsStream(436) - responseCode = 200
2018-05-31 11:08:47 INFO  ApacheHttpClient.getWebResourceAsStream(436) - responseCode = 200
2018-05-31 11:08:47 INFO  ApacheHttpClient.getFilteredTasks(323) - responseCode = 200
2018-05-31 11:08:49 INFO  ApacheHttpClient.getTaskTemplateInfo(340) - responseCode = 200
2018-05-31 11:08:50 INFO  ApacheHttpClient.testConnection(187) - responseCode = 200
2018-05-31 11:08:50 INFO  ApacheHttpClient.testConnection(195) - result = true
2018-05-31 11:08:50 INFO  ApacheHttpClient.testConnection(187) - responseCode = 200
2018-05-31 11:08:50 INFO  ApacheHttpClient.testConnection(195) - result = true
2018-05-31 11:08:50 INFO  ApacheHttpClient.getWebResourceAsStream(436) - responseCode = 200
2018-05-31 11:08:51 INFO  ApacheHttpClient.getWebResourceAsStream(436) - responseCode = 200
2018-05-31 11:08:51 INFO  ApacheHttpClient.getFilteredTasks(323) - responseCode = 200
2018-05-31 11:08:53 INFO  ApacheHttpClient.getTaskTemplateInfo(340) - responseCode = 200
2018-05-31 11:08:53 INFO  ApacheHttpClient.testConnection(187) - responseCode = 200
2018-05-31 11:08:53 INFO  ApacheHttpClient.testConnection(195) - result = true
2018-05-31 11:08:53 INFO  ApacheHttpClient.testConnection(187) - responseCode = 200
2018-05-31 11:08:53 INFO  ApacheHttpClient.testConnection(195) - result = true
2018-05-31 11:08:54 INFO  ApacheHttpClient.getWebResourceAsStream(436) - responseCode = 200
2018-05-31 11:08:55 INFO  ApacheHttpClient.getWebResourceAsStream(436) - responseCode = 200
2018-05-31 11:08:55 INFO  ApacheHttpClient.getFilteredTasks(323) - responseCode = 200
2018-05-31 11:08:57 INFO  ApacheHttpClient.getTaskTemplateInfo(340) - responseCode = 200
2018-05-31 11:08:57 INFO  ApacheHttpClient.testConnection(187) - responseCode = 200
2018-05-31 11:08:57 INFO  ApacheHttpClient.testConnection(195) - result = true
2018-05-31 11:08:57 INFO  ApacheHttpClient.testConnection(187) - responseCode = 200
2018-05-31 11:08:57 INFO  ApacheHttpClient.testConnection(195) - result = true
2018-05-31 11:08:57 INFO  ApacheHttpClient.getWebResourceAsStream(436) - responseCode = 200
2018-05-31 11:08:58 INFO  ApacheHttpClient.getWebResourceAsStream(436) - responseCode = 200
2018-05-31 11:08:58 INFO  ApacheHttpClient.getFilteredTasks(323) - responseCode = 200
2018-05-31 11:09:02 INFO  ApacheHttpClient.getTaskTemplateInfo(340) - responseCode = 200
2018-05-31 11:09:02 INFO  ApacheHttpClient.testConnection(187) - responseCode = 200
2018-05-31 11:09:02 INFO  ApacheHttpClient.testConnection(195) - result = true
2018-05-31 11:09:02 INFO  ApacheHttpClient.testConnection(187) - responseCode = 200
2018-05-31 11:09:02 INFO  ApacheHttpClient.testConnection(195) - result = true
2018-05-31 11:09:02 INFO  ApacheHttpClient.getWebResourceAsStream(436) - responseCode = 200
2018-05-31 11:09:03 INFO  ApacheHttpClient.getWebResourceAsStream(436) - responseCode = 200
2018-05-31 11:09:03 INFO  ApacheHttpClient.getFilteredTasks(323) - responseCode = 200
2018-05-31 11:09:06 INFO  ApacheHttpClient.getTaskTemplateInfo(340) - responseCode = 200
2018-05-31 11:09:06 INFO  ApacheHttpClient.testConnection(187) - responseCode = 200
2018-05-31 11:09:06 INFO  ApacheHttpClient.testConnection(195) - result = true
2018-05-31 11:09:07 INFO  ApacheHttpClient.testConnection(187) - responseCode = 200
2018-05-31 11:09:07 INFO  ApacheHttpClient.testConnection(195) - result = true
2018-05-31 11:09:07 INFO  ApacheHttpClient.getWebResourceAsStream(436) - responseCode = 200
2018-05-31 11:09:08 INFO  ApacheHttpClient.getWebResourceAsStream(436) - responseCode = 200
2018-05-31 11:09:08 INFO  ApacheHttpClient.getFilteredTasks(323) - responseCode = 200
2018-05-31 11:09:10 INFO  ApacheHttpClient.getTaskTemplateInfo(340) - responseCode = 200
2018-05-31 11:09:11 INFO  ApacheHttpClient.testConnection(187) - responseCode = 200
2018-05-31 11:09:11 INFO  ApacheHttpClient.testConnection(195) - result = true
2018-05-31 11:09:11 INFO  ApacheHttpClient.testConnection(187) - responseCode = 200
2018-05-31 11:09:11 INFO  ApacheHttpClient.testConnection(195) - result = true
2018-05-31 11:09:11 INFO  ApacheHttpClient.getWebResourceAsStream(436) - responseCode = 200
2018-05-31 11:09:12 INFO  ApacheHttpClient.getWebResourceAsStream(436) - responseCode = 200
2018-05-31 11:09:12 INFO  ApacheHttpClient.getFilteredTasks(323) - responseCode = 200
2018-05-31 11:09:14 INFO  ApacheHttpClient.getTaskTemplateInfo(340) - responseCode = 200
2018-05-31 11:09:17 INFO  ApacheHttpClient.testConnection(187) - responseCode = 200
2018-05-31 11:09:17 INFO  ApacheHttpClient.testConnection(195) - result = true
2018-05-31 11:09:17 INFO  ApacheHttpClient.testConnection(187) - responseCode = 200
2018-05-31 11:09:17 INFO  ApacheHttpClient.testConnection(195) - result = true
2018-05-31 11:09:17 INFO  ApacheHttpClient.getWebResourceAsStream(436) - responseCode = 200
2018-05-31 11:09:19 INFO  ApacheHttpClient.getWebResourceAsStream(436) - responseCode = 200
2018-05-31 11:09:19 INFO  ApacheHttpClient.getFilteredTasks(323) - responseCode = 200
2018-05-31 11:09:30 INFO  ApacheHttpClient.getTaskTemplateInfo(340) - responseCode = 200
2018-05-31 11:09:33 INFO  ApacheHttpClient.testConnection(187) - responseCode = 200
2018-05-31 11:09:33 INFO  ApacheHttpClient.testConnection(195) - result = true
2018-05-31 11:09:33 INFO  ApacheHttpClient.testConnection(187) - responseCode = 200
2018-05-31 11:09:33 INFO  ApacheHttpClient.testConnection(195) - result = true
2018-05-31 11:09:34 INFO  ApacheHttpClient.getWebResourceAsStream(436) - responseCode = 200
2018-05-31 11:09:34 INFO  ApacheHttpClient.getTaskTemplateInfo(340) - responseCode = 200
2018-05-31 11:09:36 INFO  ApacheHttpClient.testConnection(187) - responseCode = 200
2018-05-31 11:09:36 INFO  ApacheHttpClient.testConnection(195) - result = true
2018-05-31 11:09:36 INFO  ApacheHttpClient.testConnection(187) - responseCode = 200
2018-05-31 11:09:36 INFO  ApacheHttpClient.testConnection(195) - result = true
2018-05-31 11:09:36 INFO  ApacheHttpClient.getWebResourceAsStream(436) - responseCode = 200
2018-05-31 11:09:37 INFO  ApacheHttpClient.getWebResourceAsStream(436) - responseCode = 200
2018-05-31 11:09:37 INFO  ApacheHttpClient.getFilteredTasks(323) - responseCode = 200
2018-05-31 11:09:44 INFO  ApacheHttpClient.sendEvent(469) - responseCode = 200
2018-05-31 11:09:51 INFO  ApacheHttpClient.getTaskTemplateInfo(340) - responseCode = 200
2018-05-31 11:09:53 INFO  ApacheHttpClient.testConnection(187) - responseCode = 200
2018-05-31 11:09:53 INFO  ApacheHttpClient.testConnection(195) - result = true
2018-05-31 11:09:53 INFO  ApacheHttpClient.testConnection(187) - responseCode = 200
2018-05-31 11:09:53 INFO  ApacheHttpClient.testConnection(195) - result = true
2018-05-31 11:09:54 INFO  ApacheHttpClient.getWebResourceAsStream(436) - responseCode = 200
2018-05-31 11:09:55 INFO  ApacheHttpClient.getWebResourceAsStream(436) - responseCode = 200
2018-05-31 11:09:55 INFO  ApacheHttpClient.getFilteredTasks(323) - responseCode = 200
2018-05-31 11:09:58 INFO  ApacheHttpClient.getTaskTemplateInfo(340) - responseCode = 200
2018-05-31 11:09:59 INFO  ApacheHttpClient.testConnection(187) - responseCode = 200
2018-05-31 11:09:59 INFO  ApacheHttpClient.testConnection(195) - result = true
2018-05-31 11:09:59 INFO  ApacheHttpClient.testConnection(187) - responseCode = 200
2018-05-31 11:09:59 INFO  ApacheHttpClient.testConnection(195) - result = true
2018-05-31 11:09:59 INFO  ApacheHttpClient.getWebResourceAsStream(436) - responseCode = 200
2018-05-31 11:10:00 INFO  ApacheHttpClient.getWebResourceAsStream(436) - responseCode = 200
2018-05-31 11:10:01 INFO  ApacheHttpClient.getFilteredTasks(323) - responseCode = 200
2018-05-31 11:10:03 INFO  ApacheHttpClient.getTaskTemplateInfo(340) - responseCode = 200
2018-05-31 11:10:04 INFO  ApacheHttpClient.testConnection(187) - responseCode = 200
2018-05-31 11:10:04 INFO  ApacheHttpClient.testConnection(195) - result = true
2018-05-31 11:10:04 INFO  ApacheHttpClient.testConnection(187) - responseCode = 200
2018-05-31 11:10:04 INFO  ApacheHttpClient.testConnection(195) - result = true
2018-05-31 11:10:04 INFO  ApacheHttpClient.getWebResourceAsStream(436) - responseCode = 200
2018-05-31 11:10:04 INFO  ApacheHttpClient.getTaskTemplateInfo(340) - responseCode = 200
2018-05-31 11:10:05 INFO  ApacheHttpClient.testConnection(187) - responseCode = 200
2018-05-31 11:10:05 INFO  ApacheHttpClient.testConnection(195) - result = true
2018-05-31 11:10:06 INFO  ApacheHttpClient.testConnection(187) - responseCode = 200
2018-05-31 11:10:06 INFO  ApacheHttpClient.testConnection(195) - result = true
2018-05-31 11:10:06 INFO  ApacheHttpClient.getWebResourceAsStream(436) - responseCode = 200
2018-05-31 11:10:08 INFO  ApacheHttpClient.getWebResourceAsStream(436) - responseCode = 200
2018-05-31 11:10:08 INFO  ApacheHttpClient.getFilteredTasks(323) - responseCode = 200
2018-05-31 11:10:13 INFO  ApacheHttpClient.getTaskTemplateInfo(340) - responseCode = 200
2018-05-31 11:10:13 INFO  ApacheHttpClient.testConnection(187) - responseCode = 200
2018-05-31 11:10:13 INFO  ApacheHttpClient.testConnection(195) - result = true
2018-05-31 11:10:13 INFO  ApacheHttpClient.testConnection(187) - responseCode = 200
2018-05-31 11:10:13 INFO  ApacheHttpClient.testConnection(195) - result = true
2018-05-31 11:10:13 INFO  ApacheHttpClient.getWebResourceAsStream(436) - responseCode = 200
2018-05-31 11:10:14 INFO  ApacheHttpClient.getWebResourceAsStream(436) - responseCode = 200
2018-05-31 11:10:14 INFO  ApacheHttpClient.getFilteredTasks(323) - responseCode = 200
2018-05-31 11:10:17 INFO  ApacheHttpClient.getTaskTemplateInfo(340) - responseCode = 200
2018-05-31 11:10:17 INFO  ApacheHttpClient.testConnection(187) - responseCode = 200
2018-05-31 11:10:17 INFO  ApacheHttpClient.testConnection(195) - result = true
2018-05-31 11:10:17 INFO  ApacheHttpClient.testConnection(187) - responseCode = 200
2018-05-31 11:10:17 INFO  ApacheHttpClient.testConnection(195) - result = true
2018-05-31 11:10:18 INFO  ApacheHttpClient.getWebResourceAsStream(436) - responseCode = 200
2018-05-31 11:10:19 INFO  ApacheHttpClient.getWebResourceAsStream(436) - responseCode = 200
2018-05-31 11:10:19 INFO  ApacheHttpClient.getFilteredTasks(323) - responseCode = 200
2018-05-31 11:10:22 INFO  ApacheHttpClient.getTaskTemplateInfo(340) - responseCode = 200
2018-05-31 11:10:23 INFO  ApacheHttpClient.testConnection(187) - responseCode = 200
2018-05-31 11:10:23 INFO  ApacheHttpClient.testConnection(195) - result = true
2018-05-31 11:10:23 INFO  ApacheHttpClient.testConnection(187) - responseCode = 200
2018-05-31 11:10:23 INFO  ApacheHttpClient.testConnection(195) - result = true
2018-05-31 11:10:23 INFO  ApacheHttpClient.getWebResourceAsStream(436) - responseCode = 200
2018-05-31 11:10:23 INFO  ApacheHttpClient.getTaskTemplateInfo(340) - responseCode = 200
2018-05-31 11:10:24 INFO  ApacheHttpClient.testConnection(187) - responseCode = 200
2018-05-31 11:10:24 INFO  ApacheHttpClient.testConnection(195) - result = true
2018-05-31 11:10:24 INFO  ApacheHttpClient.testConnection(187) - responseCode = 200
2018-05-31 11:10:24 INFO  ApacheHttpClient.testConnection(195) - result = true
2018-05-31 11:10:24 INFO  ApacheHttpClient.getWebResourceAsStream(436) - responseCode = 200
2018-05-31 11:10:26 INFO  ApacheHttpClient.getWebResourceAsStream(436) - responseCode = 200
2018-05-31 11:10:26 INFO  ApacheHttpClient.getFilteredTasks(323) - responseCode = 200
2018-05-31 11:10:29 INFO  ApacheHttpClient.getTaskTemplateInfo(340) - responseCode = 200
2018-05-31 11:10:30 INFO  ApacheHttpClient.testConnection(187) - responseCode = 200
2018-05-31 11:10:30 INFO  ApacheHttpClient.testConnection(195) - result = true
2018-05-31 11:10:30 INFO  ApacheHttpClient.testConnection(187) - responseCode = 200
2018-05-31 11:10:30 INFO  ApacheHttpClient.testConnection(195) - result = true
2018-05-31 11:10:30 INFO  ApacheHttpClient.getWebResourceAsStream(436) - responseCode = 200
2018-05-31 11:10:32 INFO  ApacheHttpClient.getWebResourceAsStream(436) - responseCode = 200
2018-05-31 11:10:32 INFO  ApacheHttpClient.getFilteredTasks(323) - responseCode = 200
2018-05-31 11:10:36 INFO  ApacheHttpClient.getTaskTemplateInfo(340) - responseCode = 200
2018-05-31 11:10:36 INFO  ApacheHttpClient.testConnection(187) - responseCode = 200
2018-05-31 11:10:36 INFO  ApacheHttpClient.testConnection(195) - result = true
2018-05-31 11:10:36 INFO  ApacheHttpClient.testConnection(187) - responseCode = 200
2018-05-31 11:10:36 INFO  ApacheHttpClient.testConnection(195) - result = true
2018-05-31 11:10:36 INFO  ApacheHttpClient.getWebResourceAsStream(436) - responseCode = 200
2018-05-31 11:10:37 INFO  ApacheHttpClient.getWebResourceAsStream(436) - responseCode = 200
2018-05-31 11:10:37 INFO  ApacheHttpClient.getFilteredTasks(323) - responseCode = 200
2018-05-31 11:10:40 INFO  ApacheHttpClient.getTaskTemplateInfo(340) - responseCode = 200
2018-05-31 11:10:40 INFO  ApacheHttpClient.testConnection(187) - responseCode = 200
2018-05-31 11:10:40 INFO  ApacheHttpClient.testConnection(195) - result = true
2018-05-31 11:10:41 INFO  ApacheHttpClient.testConnection(187) - responseCode = 200
2018-05-31 11:10:41 INFO  ApacheHttpClient.testConnection(195) - result = true
2018-05-31 11:10:41 INFO  ApacheHttpClient.getWebResourceAsStream(436) - responseCode = 200
2018-05-31 11:10:42 INFO  ApacheHttpClient.getWebResourceAsStream(436) - responseCode = 200
2018-05-31 11:10:42 INFO  ApacheHttpClient.getFilteredTasks(323) - responseCode = 200
2018-05-31 11:10:44 INFO  ApacheHttpClient.sendEvent(469) - responseCode = 200
2018-05-31 11:10:47 INFO  ApacheHttpClient.getTaskTemplateInfo(340) - responseCode = 200
2018-05-31 11:10:47 INFO  ApacheHttpClient.testConnection(187) - responseCode = 200
2018-05-31 11:10:47 INFO  ApacheHttpClient.testConnection(195) - result = true
2018-05-31 11:10:47 INFO  ApacheHttpClient.testConnection(187) - responseCode = 200
2018-05-31 11:10:47 INFO  ApacheHttpClient.testConnection(195) - result = true
2018-05-31 11:10:47 INFO  ApacheHttpClient.getWebResourceAsStream(436) - responseCode = 200
2018-05-31 11:10:49 INFO  ApacheHttpClient.getWebResourceAsStream(436) - responseCode = 200
2018-05-31 11:10:49 INFO  ApacheHttpClient.getFilteredTasks(323) - responseCode = 200
2018-05-31 11:10:54 INFO  ApacheHttpClient.getTaskTemplateInfo(340) - responseCode = 200
2018-05-31 11:10:55 INFO  ApacheHttpClient.testConnection(187) - responseCode = 200
2018-05-31 11:10:55 INFO  ApacheHttpClient.testConnection(195) - result = true
2018-05-31 11:10:55 INFO  ApacheHttpClient.testConnection(187) - responseCode = 200
2018-05-31 11:10:55 INFO  ApacheHttpClient.testConnection(195) - result = true
2018-05-31 11:10:55 INFO  ApacheHttpClient.getWebResourceAsStream(436) - responseCode = 200
2018-05-31 11:10:56 INFO  ApacheHttpClient.getWebResourceAsStream(436) - responseCode = 200
2018-05-31 11:10:56 INFO  ApacheHttpClient.getFilteredTasks(323) - responseCode = 200
2018-05-31 11:10:59 INFO  ApacheHttpClient.getTaskTemplateInfo(340) - responseCode = 200
2018-05-31 11:11:00 INFO  ApacheHttpClient.testConnection(187) - responseCode = 200
2018-05-31 11:11:00 INFO  ApacheHttpClient.testConnection(195) - result = true
2018-05-31 11:11:00 INFO  ApacheHttpClient.testConnection(187) - responseCode = 200
2018-05-31 11:11:00 INFO  ApacheHttpClient.testConnection(195) - result = true
2018-05-31 11:11:00 INFO  ApacheHttpClient.getWebResourceAsStream(436) - responseCode = 200
2018-05-31 11:11:02 INFO  ApacheHttpClient.getWebResourceAsStream(436) - responseCode = 200
2018-05-31 11:11:02 INFO  ApacheHttpClient.getFilteredTasks(323) - responseCode = 200
2018-05-31 11:11:06 INFO  ApacheHttpClient.getTaskTemplateInfo(340) - responseCode = 200
2018-05-31 11:11:06 INFO  ApacheHttpClient.testConnection(187) - responseCode = 200
2018-05-31 11:11:06 INFO  ApacheHttpClient.testConnection(195) - result = true
2018-05-31 11:11:06 INFO  ApacheHttpClient.testConnection(187) - responseCode = 200
2018-05-31 11:11:06 INFO  ApacheHttpClient.testConnection(195) - result = true
2018-05-31 11:11:06 INFO  ApacheHttpClient.getWebResourceAsStream(436) - responseCode = 200
2018-05-31 11:11:08 INFO  ApacheHttpClient.getWebResourceAsStream(436) - responseCode = 200
2018-05-31 11:11:08 INFO  ApacheHttpClient.getFilteredTasks(323) - responseCode = 200
2018-05-31 11:11:15 INFO  ApacheHttpClient.getTaskTemplateInfo(340) - responseCode = 200
2018-05-31 11:11:16 INFO  ApacheHttpClient.testConnection(187) - responseCode = 200
2018-05-31 11:11:16 INFO  ApacheHttpClient.testConnection(195) - result = true
2018-05-31 11:11:16 INFO  ApacheHttpClient.testConnection(187) - responseCode = 200
2018-05-31 11:11:16 INFO  ApacheHttpClient.testConnection(195) - result = true
2018-05-31 11:11:16 INFO  ApacheHttpClient.getWebResourceAsStream(436) - responseCode = 200
2018-05-31 11:11:17 INFO  ApacheHttpClient.getWebResourceAsStream(436) - responseCode = 200
2018-05-31 11:11:17 INFO  ApacheHttpClient.getFilteredTasks(323) - responseCode = 200
2018-05-31 11:11:22 INFO  ApacheHttpClient.getTaskTemplateInfo(340) - responseCode = 200
2018-05-31 11:11:23 INFO  ApacheHttpClient.testConnection(187) - responseCode = 200
2018-05-31 11:11:23 INFO  ApacheHttpClient.testConnection(195) - result = true
2018-05-31 11:11:23 INFO  ApacheHttpClient.testConnection(187) - responseCode = 200
2018-05-31 11:11:23 INFO  ApacheHttpClient.testConnection(195) - result = true
2018-05-31 11:11:23 INFO  ApacheHttpClient.getWebResourceAsStream(436) - responseCode = 200
2018-05-31 11:11:24 INFO  ApacheHttpClient.getWebResourceAsStream(436) - responseCode = 200
2018-05-31 11:11:24 INFO  ApacheHttpClient.getFilteredTasks(323) - responseCode = 200
2018-05-31 11:11:37 INFO  ApacheHttpClient.getTaskTemplateInfo(340) - responseCode = 200
2018-05-31 11:11:38 INFO  ApacheHttpClient.testConnection(187) - responseCode = 200
2018-05-31 11:11:38 INFO  ApacheHttpClient.testConnection(195) - result = true
2018-05-31 11:11:38 INFO  ApacheHttpClient.testConnection(187) - responseCode = 200
2018-05-31 11:11:38 INFO  ApacheHttpClient.testConnection(195) - result = true
2018-05-31 11:11:38 INFO  ApacheHttpClient.getWebResourceAsStream(436) - responseCode = 200
2018-05-31 11:11:40 INFO  ApacheHttpClient.getWebResourceAsStream(436) - responseCode = 200
2018-05-31 11:11:40 INFO  ApacheHttpClient.getFilteredTasks(323) - responseCode = 200
2018-05-31 11:11:43 INFO  ApacheHttpClient.getTaskTemplateInfo(340) - responseCode = 200
2018-05-31 11:11:43 INFO  ApacheHttpClient.testConnection(187) - responseCode = 200
2018-05-31 11:11:43 INFO  ApacheHttpClient.testConnection(195) - result = true
2018-05-31 11:11:43 INFO  ApacheHttpClient.testConnection(187) - responseCode = 200
2018-05-31 11:11:43 INFO  ApacheHttpClient.testConnection(195) - result = true
2018-05-31 11:11:44 INFO  ApacheHttpClient.getWebResourceAsStream(436) - responseCode = 200
2018-05-31 11:11:46 INFO  ApacheHttpClient.sendEvent(469) - responseCode = 200
2018-05-31 11:12:44 INFO  ApacheHttpClient.sendEvent(469) - responseCode = 200
2018-05-31 11:13:30 INFO  ApacheHttpClient.getWebResourceAsStream(436) - responseCode = 200
2018-05-31 11:13:30 INFO  ApacheHttpClient.getFilteredTasks(323) - responseCode = 200
2018-05-31 11:13:35 INFO  ApacheHttpClient.getFilteredTasks(323) - responseCode = 200
2018-05-31 11:13:45 INFO  ApacheHttpClient.sendEvent(469) - responseCode = 200
2018-05-31 11:13:45 INFO  ApacheHttpClient.getTaskTemplateInfo(340) - responseCode = 200
2018-05-31 11:13:45 INFO  ApacheHttpClient.testConnection(187) - responseCode = 200
2018-05-31 11:13:45 INFO  ApacheHttpClient.testConnection(195) - result = true
2018-05-31 11:13:45 INFO  ApacheHttpClient.testConnection(187) - responseCode = 200
2018-05-31 11:13:45 INFO  ApacheHttpClient.testConnection(195) - result = true
2018-05-31 11:13:45 INFO  ApacheHttpClient.getWebResourceAsStream(436) - responseCode = 200
2018-05-31 11:13:49 INFO  ApacheHttpClient.getWebResourceAsStream(436) - responseCode = 200
2018-05-31 11:13:49 INFO  ApacheHttpClient.getFilteredTasks(323) - responseCode = 200
2018-05-31 11:13:52 INFO  ApacheHttpClient.getTaskTemplateInfo(340) - responseCode = 200
2018-05-31 11:13:52 INFO  ApacheHttpClient.testConnection(187) - responseCode = 200
2018-05-31 11:13:52 INFO  ApacheHttpClient.testConnection(195) - result = true
2018-05-31 11:13:52 INFO  ApacheHttpClient.testConnection(187) - responseCode = 200
2018-05-31 11:13:52 INFO  ApacheHttpClient.testConnection(195) - result = true
2018-05-31 11:13:53 INFO  ApacheHttpClient.getWebResourceAsStream(436) - responseCode = 200
2018-05-31 11:13:55 INFO  ApacheHttpClient.getWebResourceAsStream(436) - responseCode = 200
2018-05-31 11:13:55 INFO  ApacheHttpClient.getFilteredTasks(323) - responseCode = 200
2018-05-31 11:13:59 INFO  ApacheHttpClient.getTaskTemplateInfo(340) - responseCode = 200
2018-05-31 11:13:59 INFO  ApacheHttpClient.testConnection(187) - responseCode = 200
2018-05-31 11:13:59 INFO  ApacheHttpClient.testConnection(195) - result = true
2018-05-31 11:13:59 INFO  ApacheHttpClient.testConnection(187) - responseCode = 200
2018-05-31 11:13:59 INFO  ApacheHttpClient.testConnection(195) - result = true
2018-05-31 11:13:59 INFO  ApacheHttpClient.getWebResourceAsStream(436) - responseCode = 200
2018-05-31 11:14:01 INFO  ApacheHttpClient.getWebResourceAsStream(436) - responseCode = 200
2018-05-31 11:14:01 INFO  ApacheHttpClient.getFilteredTasks(323) - responseCode = 200
2018-05-31 11:14:03 INFO  ApacheHttpClient.getTaskTemplateInfo(340) - responseCode = 200
2018-05-31 11:14:04 INFO  ApacheHttpClient.testConnection(187) - responseCode = 200
2018-05-31 11:14:04 INFO  ApacheHttpClient.testConnection(195) - result = true
2018-05-31 11:14:04 INFO  ApacheHttpClient.testConnection(187) - responseCode = 200
2018-05-31 11:14:04 INFO  ApacheHttpClient.testConnection(195) - result = true
2018-05-31 11:14:04 INFO  ApacheHttpClient.getWebResourceAsStream(436) - responseCode = 200
2018-05-31 11:14:06 INFO  ApacheHttpClient.getWebResourceAsStream(436) - responseCode = 200
2018-05-31 11:14:07 INFO  ApacheHttpClient.getFilteredTasks(323) - responseCode = 200
2018-05-31 11:14:08 INFO  ApacheHttpClient.getTaskTemplateInfo(340) - responseCode = 200
2018-05-31 11:14:09 INFO  ApacheHttpClient.testConnection(187) - responseCode = 200
2018-05-31 11:14:09 INFO  ApacheHttpClient.testConnection(195) - result = true
2018-05-31 11:14:09 INFO  ApacheHttpClient.testConnection(187) - responseCode = 200
2018-05-31 11:14:09 INFO  ApacheHttpClient.testConnection(195) - result = true
2018-05-31 11:14:09 INFO  ApacheHttpClient.getWebResourceAsStream(436) - responseCode = 200
2018-05-31 11:14:09 INFO  ApacheHttpClient.getTaskTemplateInfo(340) - responseCode = 200
2018-05-31 11:14:12 INFO  ApacheHttpClient.testConnection(187) - responseCode = 200
2018-05-31 11:14:12 INFO  ApacheHttpClient.testConnection(195) - result = true
2018-05-31 11:14:12 INFO  ApacheHttpClient.testConnection(187) - responseCode = 200
2018-05-31 11:14:12 INFO  ApacheHttpClient.testConnection(195) - result = true
2018-05-31 11:14:12 INFO  ApacheHttpClient.getWebResourceAsStream(436) - responseCode = 200
2018-05-31 11:14:14 INFO  ApacheHttpClient.getWebResourceAsStream(436) - responseCode = 200
2018-05-31 11:14:14 INFO  ApacheHttpClient.getFilteredTasks(323) - responseCode = 200
2018-05-31 11:14:17 INFO  ApacheHttpClient.getTaskTemplateInfo(340) - responseCode = 200
2018-05-31 11:14:17 INFO  ApacheHttpClient.testConnection(187) - responseCode = 200
2018-05-31 11:14:17 INFO  ApacheHttpClient.testConnection(195) - result = true
2018-05-31 11:14:17 INFO  ApacheHttpClient.testConnection(187) - responseCode = 200
2018-05-31 11:14:17 INFO  ApacheHttpClient.testConnection(195) - result = true
2018-05-31 11:14:17 INFO  ApacheHttpClient.getWebResourceAsStream(436) - responseCode = 200
2018-05-31 11:14:19 INFO  ApacheHttpClient.getWebResourceAsStream(436) - responseCode = 200
2018-05-31 11:14:19 INFO  ApacheHttpClient.getFilteredTasks(323) - responseCode = 200
2018-05-31 11:14:37 INFO  ApacheHttpClient.getTaskTemplateInfo(340) - responseCode = 200
2018-05-31 11:14:38 INFO  ApacheHttpClient.testConnection(187) - responseCode = 200
2018-05-31 11:14:38 INFO  ApacheHttpClient.testConnection(195) - result = true
2018-05-31 11:14:38 INFO  ApacheHttpClient.testConnection(187) - responseCode = 200
2018-05-31 11:14:38 INFO  ApacheHttpClient.testConnection(195) - result = true
2018-05-31 11:14:38 INFO  ApacheHttpClient.getWebResourceAsStream(436) - responseCode = 200
2018-05-31 11:14:38 INFO  ApacheHttpClient.getTaskTemplateInfo(340) - responseCode = 200
2018-05-31 11:14:41 INFO  ApacheHttpClient.testConnection(187) - responseCode = 200
2018-05-31 11:14:41 INFO  ApacheHttpClient.testConnection(195) - result = true
2018-05-31 11:14:41 INFO  ApacheHttpClient.testConnection(187) - responseCode = 200
2018-05-31 11:14:41 INFO  ApacheHttpClient.testConnection(195) - result = true
2018-05-31 11:14:41 INFO  ApacheHttpClient.getWebResourceAsStream(436) - responseCode = 200
2018-05-31 11:14:44 INFO  ApacheHttpClient.sendEvent(469) - responseCode = 200
2018-05-31 11:14:48 INFO  ApacheHttpClient.getWebResourceAsStream(436) - responseCode = 200
2018-05-31 11:14:48 INFO  ApacheHttpClient.getFilteredTasks(323) - responseCode = 200
2018-05-31 11:14:52 INFO  ApacheHttpClient.getTaskTemplateInfo(340) - responseCode = 200
2018-05-31 11:14:52 INFO  ApacheHttpClient.testConnection(187) - responseCode = 200
2018-05-31 11:14:52 INFO  ApacheHttpClient.testConnection(195) - result = true
2018-05-31 11:14:52 INFO  ApacheHttpClient.testConnection(187) - responseCode = 200
2018-05-31 11:14:52 INFO  ApacheHttpClient.testConnection(195) - result = true
2018-05-31 11:14:52 INFO  ApacheHttpClient.getWebResourceAsStream(436) - responseCode = 200
2018-05-31 11:14:55 INFO  ApacheHttpClient.getWebResourceAsStream(436) - responseCode = 200
2018-05-31 11:14:55 INFO  ApacheHttpClient.getFilteredTasks(323) - responseCode = 200
2018-05-31 11:14:58 INFO  ApacheHttpClient.getTaskTemplateInfo(340) - responseCode = 200
2018-05-31 11:14:59 INFO  ApacheHttpClient.testConnection(187) - responseCode = 200
2018-05-31 11:14:59 INFO  ApacheHttpClient.testConnection(195) - result = true
2018-05-31 11:14:59 INFO  ApacheHttpClient.testConnection(187) - responseCode = 200
2018-05-31 11:14:59 INFO  ApacheHttpClient.testConnection(195) - result = true
2018-05-31 11:14:59 INFO  ApacheHttpClient.getWebResourceAsStream(436) - responseCode = 200
2018-05-31 11:15:01 INFO  ApacheHttpClient.getWebResourceAsStream(436) - responseCode = 200
2018-05-31 11:15:01 INFO  ApacheHttpClient.getFilteredTasks(323) - responseCode = 200
2018-05-31 11:15:26 INFO  ApacheHttpClient.getTaskTemplateInfo(340) - responseCode = 200
2018-05-31 11:15:27 INFO  ApacheHttpClient.testConnection(187) - responseCode = 200
2018-05-31 11:15:27 INFO  ApacheHttpClient.testConnection(195) - result = true
2018-05-31 11:15:27 INFO  ApacheHttpClient.testConnection(187) - responseCode = 200
2018-05-31 11:15:27 INFO  ApacheHttpClient.testConnection(195) - result = true
2018-05-31 11:15:27 INFO  ApacheHttpClient.getWebResourceAsStream(436) - responseCode = 200
2018-05-31 11:15:29 INFO  ApacheHttpClient.getWebResourceAsStream(436) - responseCode = 200
2018-05-31 11:15:29 INFO  ApacheHttpClient.getFilteredTasks(323) - responseCode = 200
2018-05-31 11:15:33 INFO  ApacheHttpClient.getTaskTemplateInfo(340) - responseCode = 200
2018-05-31 11:15:34 INFO  ApacheHttpClient.testConnection(187) - responseCode = 200
2018-05-31 11:15:34 INFO  ApacheHttpClient.testConnection(195) - result = true
2018-05-31 11:15:34 INFO  ApacheHttpClient.testConnection(187) - responseCode = 200
2018-05-31 11:15:34 INFO  ApacheHttpClient.testConnection(195) - result = true
2018-05-31 11:15:34 INFO  ApacheHttpClient.getWebResourceAsStream(436) - responseCode = 200
2018-05-31 11:15:35 INFO  ApacheHttpClient.getWebResourceAsStream(436) - responseCode = 200
2018-05-31 11:15:35 INFO  ApacheHttpClient.getFilteredTasks(323) - responseCode = 200
2018-05-31 11:15:40 INFO  ApacheHttpClient.getTaskTemplateInfo(340) - responseCode = 200
2018-05-31 11:15:41 INFO  ApacheHttpClient.testConnection(187) - responseCode = 200
2018-05-31 11:15:41 INFO  ApacheHttpClient.testConnection(195) - result = true
2018-05-31 11:15:41 INFO  ApacheHttpClient.testConnection(187) - responseCode = 200
2018-05-31 11:15:41 INFO  ApacheHttpClient.testConnection(195) - result = true
2018-05-31 11:15:41 INFO  ApacheHttpClient.getWebResourceAsStream(436) - responseCode = 200
2018-05-31 11:15:42 INFO  ApacheHttpClient.getWebResourceAsStream(436) - responseCode = 200
2018-05-31 11:15:44 INFO  ApacheHttpClient.getFilteredTasks(323) - responseCode = 200
2018-05-31 11:15:44 INFO  ApacheHttpClient.sendEvent(469) - responseCode = 200
2018-05-31 11:15:48 INFO  ApacheHttpClient.getTaskTemplateInfo(340) - responseCode = 200
2018-05-31 11:15:48 INFO  ApacheHttpClient.testConnection(187) - responseCode = 200
2018-05-31 11:15:48 INFO  ApacheHttpClient.testConnection(195) - result = true
2018-05-31 11:15:48 INFO  ApacheHttpClient.testConnection(187) - responseCode = 200
2018-05-31 11:15:48 INFO  ApacheHttpClient.testConnection(195) - result = true
2018-05-31 11:15:48 INFO  ApacheHttpClient.getWebResourceAsStream(436) - responseCode = 200
2018-05-31 11:15:51 INFO  ApacheHttpClient.getWebResourceAsStream(436) - responseCode = 200
2018-05-31 11:15:51 INFO  ApacheHttpClient.getFilteredTasks(323) - responseCode = 200
2018-05-31 11:15:55 INFO  ApacheHttpClient.getTaskTemplateInfo(340) - responseCode = 200
2018-05-31 11:15:55 INFO  ApacheHttpClient.testConnection(187) - responseCode = 200
2018-05-31 11:15:55 INFO  ApacheHttpClient.testConnection(195) - result = true
2018-05-31 11:15:56 INFO  ApacheHttpClient.testConnection(187) - responseCode = 200
2018-05-31 11:15:56 INFO  ApacheHttpClient.testConnection(195) - result = true
2018-05-31 11:15:56 INFO  ApacheHttpClient.getWebResourceAsStream(436) - responseCode = 200
2018-05-31 11:15:58 INFO  ApacheHttpClient.getWebResourceAsStream(436) - responseCode = 200
2018-05-31 11:15:58 INFO  ApacheHttpClient.getFilteredTasks(323) - responseCode = 200
2018-05-31 11:16:05 INFO  ApacheHttpClient.getTaskTemplateInfo(340) - responseCode = 200
2018-05-31 11:16:06 INFO  ApacheHttpClient.testConnection(187) - responseCode = 200
2018-05-31 11:16:06 INFO  ApacheHttpClient.testConnection(195) - result = true
2018-05-31 11:16:06 INFO  ApacheHttpClient.testConnection(187) - responseCode = 200
2018-05-31 11:16:06 INFO  ApacheHttpClient.testConnection(195) - result = true
2018-05-31 11:16:06 INFO  ApacheHttpClient.getWebResourceAsStream(436) - responseCode = 200
2018-05-31 11:16:09 INFO  ApacheHttpClient.getWebResourceAsStream(436) - responseCode = 200
2018-05-31 11:16:09 INFO  ApacheHttpClient.getFilteredTasks(323) - responseCode = 200
2018-05-31 11:16:13 INFO  ApacheHttpClient.getTaskTemplateInfo(340) - responseCode = 200
2018-05-31 11:16:13 INFO  ApacheHttpClient.testConnection(187) - responseCode = 200
2018-05-31 11:16:13 INFO  ApacheHttpClient.testConnection(195) - result = true
2018-05-31 11:16:14 INFO  ApacheHttpClient.testConnection(187) - responseCode = 200
2018-05-31 11:16:14 INFO  ApacheHttpClient.testConnection(195) - result = true
2018-05-31 11:16:14 INFO  ApacheHttpClient.getWebResourceAsStream(436) - responseCode = 200
2018-05-31 11:16:16 INFO  ApacheHttpClient.getWebResourceAsStream(436) - responseCode = 200
2018-05-31 11:16:16 INFO  ApacheHttpClient.getFilteredTasks(323) - responseCode = 200
2018-05-31 11:16:21 INFO  ApacheHttpClient.getTaskTemplateInfo(340) - responseCode = 200
2018-05-31 11:16:21 INFO  ApacheHttpClient.testConnection(187) - responseCode = 200
2018-05-31 11:16:21 INFO  ApacheHttpClient.testConnection(195) - result = true
2018-05-31 11:16:21 INFO  ApacheHttpClient.testConnection(187) - responseCode = 200
2018-05-31 11:16:21 INFO  ApacheHttpClient.testConnection(195) - result = true
2018-05-31 11:16:22 INFO  ApacheHttpClient.getWebResourceAsStream(436) - responseCode = 200
2018-05-31 11:16:24 INFO  ApacheHttpClient.getWebResourceAsStream(436) - responseCode = 200
2018-05-31 11:16:24 INFO  ApacheHttpClient.getFilteredTasks(323) - responseCode = 200
2018-05-31 11:16:35 INFO  ApacheHttpClient.getTaskTemplateInfo(340) - responseCode = 200
2018-05-31 11:16:36 INFO  ApacheHttpClient.testConnection(187) - responseCode = 200
2018-05-31 11:16:36 INFO  ApacheHttpClient.testConnection(195) - result = true
2018-05-31 11:16:36 INFO  ApacheHttpClient.testConnection(187) - responseCode = 200
2018-05-31 11:16:36 INFO  ApacheHttpClient.testConnection(195) - result = true
2018-05-31 11:16:36 INFO  ApacheHttpClient.getWebResourceAsStream(436) - responseCode = 200
2018-05-31 11:16:39 INFO  ApacheHttpClient.getWebResourceAsStream(436) - responseCode = 200
2018-05-31 11:16:39 INFO  ApacheHttpClient.getFilteredTasks(323) - responseCode = 200
2018-05-31 11:16:44 INFO  ApacheHttpClient.sendEvent(469) - responseCode = 200
2018-05-31 11:16:47 INFO  ApacheHttpClient.getTaskTemplateInfo(340) - responseCode = 200
2018-05-31 11:16:48 INFO  ApacheHttpClient.testConnection(187) - responseCode = 200
2018-05-31 11:16:48 INFO  ApacheHttpClient.testConnection(195) - result = true
2018-05-31 11:16:48 INFO  ApacheHttpClient.testConnection(187) - responseCode = 200
2018-05-31 11:16:48 INFO  ApacheHttpClient.testConnection(195) - result = true
2018-05-31 11:16:48 INFO  ApacheHttpClient.getWebResourceAsStream(436) - responseCode = 200
2018-05-31 11:16:51 INFO  ApacheHttpClient.getWebResourceAsStream(436) - responseCode = 200
2018-05-31 11:16:51 INFO  ApacheHttpClient.getFilteredTasks(323) - responseCode = 200
2018-05-31 11:16:58 INFO  ApacheHttpClient.getTaskTemplateInfo(340) - responseCode = 200
2018-05-31 11:16:58 INFO  ApacheHttpClient.testConnection(187) - responseCode = 200
2018-05-31 11:16:58 INFO  ApacheHttpClient.testConnection(195) - result = true
2018-05-31 11:16:58 INFO  ApacheHttpClient.testConnection(187) - responseCode = 200
2018-05-31 11:16:58 INFO  ApacheHttpClient.testConnection(195) - result = true
2018-05-31 11:16:58 INFO  ApacheHttpClient.getWebResourceAsStream(436) - responseCode = 200
2018-05-31 11:17:00 INFO  ApacheHttpClient.getWebResourceAsStream(436) - responseCode = 200
2018-05-31 11:17:00 INFO  ApacheHttpClient.getFilteredTasks(323) - responseCode = 200
2018-05-31 11:17:07 INFO  ApacheHttpClient.getTaskTemplateInfo(340) - responseCode = 200
2018-05-31 11:17:08 INFO  ApacheHttpClient.testConnection(187) - responseCode = 200
2018-05-31 11:17:08 INFO  ApacheHttpClient.testConnection(195) - result = true
2018-05-31 11:17:08 INFO  ApacheHttpClient.testConnection(187) - responseCode = 200
2018-05-31 11:17:08 INFO  ApacheHttpClient.testConnection(195) - result = true
2018-05-31 11:17:08 INFO  ApacheHttpClient.getWebResourceAsStream(436) - responseCode = 200
2018-05-31 11:17:11 INFO  ApacheHttpClient.getWebResourceAsStream(436) - responseCode = 200
2018-05-31 11:17:11 INFO  ApacheHttpClient.getFilteredTasks(323) - responseCode = 200
2018-05-31 11:17:19 INFO  ApacheHttpClient.getTaskTemplateInfo(340) - responseCode = 200
2018-05-31 11:17:19 INFO  ApacheHttpClient.testConnection(187) - responseCode = 200
2018-05-31 11:17:19 INFO  ApacheHttpClient.testConnection(195) - result = true
2018-05-31 11:17:20 INFO  ApacheHttpClient.testConnection(187) - responseCode = 200
2018-05-31 11:17:20 INFO  ApacheHttpClient.testConnection(195) - result = true
2018-05-31 11:17:20 INFO  ApacheHttpClient.getWebResourceAsStream(436) - responseCode = 200
2018-05-31 11:17:22 INFO  ApacheHttpClient.getWebResourceAsStream(436) - responseCode = 200
2018-05-31 11:17:22 INFO  ApacheHttpClient.getFilteredTasks(323) - responseCode = 200
2018-05-31 11:17:31 INFO  ApacheHttpClient.getTaskTemplateInfo(340) - responseCode = 200
2018-05-31 11:17:32 INFO  ApacheHttpClient.testConnection(187) - responseCode = 200
2018-05-31 11:17:32 INFO  ApacheHttpClient.testConnection(195) - result = true
2018-05-31 11:17:32 INFO  ApacheHttpClient.testConnection(187) - responseCode = 200
2018-05-31 11:17:32 INFO  ApacheHttpClient.testConnection(195) - result = true
2018-05-31 11:17:32 INFO  ApacheHttpClient.getWebResourceAsStream(436) - responseCode = 200
2018-05-31 11:17:34 INFO  ApacheHttpClient.getWebResourceAsStream(436) - responseCode = 200
2018-05-31 11:17:34 INFO  ApacheHttpClient.getFilteredTasks(323) - responseCode = 200
2018-05-31 11:17:44 INFO  ApacheHttpClient.getTaskTemplateInfo(340) - responseCode = 200
2018-05-31 11:17:44 INFO  ApacheHttpClient.sendEvent(469) - responseCode = 200
2018-05-31 11:17:46 INFO  ApacheHttpClient.testConnection(187) - responseCode = 200
2018-05-31 11:17:46 INFO  ApacheHttpClient.testConnection(195) - result = true
2018-05-31 11:17:46 INFO  ApacheHttpClient.testConnection(187) - responseCode = 200
2018-05-31 11:17:46 INFO  ApacheHttpClient.testConnection(195) - result = true
2018-05-31 11:17:46 INFO  ApacheHttpClient.getWebResourceAsStream(436) - responseCode = 200
2018-05-31 11:17:49 INFO  ApacheHttpClient.getWebResourceAsStream(436) - responseCode = 200
2018-05-31 11:17:51 INFO  ApacheHttpClient.getFilteredTasks(323) - responseCode = 200
2018-05-31 11:18:00 INFO  ApacheHttpClient.getTaskTemplateInfo(340) - responseCode = 200
2018-05-31 11:18:01 INFO  ApacheHttpClient.testConnection(187) - responseCode = 200
2018-05-31 11:18:01 INFO  ApacheHttpClient.testConnection(195) - result = true
2018-05-31 11:18:01 INFO  ApacheHttpClient.testConnection(187) - responseCode = 200
2018-05-31 11:18:01 INFO  ApacheHttpClient.testConnection(195) - result = true
2018-05-31 11:18:01 INFO  ApacheHttpClient.getWebResourceAsStream(436) - responseCode = 200
2018-05-31 11:18:10 INFO  ApacheHttpClient.getWebResourceAsStream(436) - responseCode = 200
2018-05-31 11:18:10 INFO  ApacheHttpClient.getFilteredTasks(323) - responseCode = 200
2018-05-31 11:18:17 INFO  ApacheHttpClient.getTaskTemplateInfo(340) - responseCode = 200
2018-05-31 11:18:17 INFO  ApacheHttpClient.testConnection(187) - responseCode = 200
2018-05-31 11:18:17 INFO  ApacheHttpClient.testConnection(195) - result = true
2018-05-31 11:18:17 INFO  ApacheHttpClient.testConnection(187) - responseCode = 200
2018-05-31 11:18:17 INFO  ApacheHttpClient.testConnection(195) - result = true
2018-05-31 11:18:17 INFO  ApacheHttpClient.getWebResourceAsStream(436) - responseCode = 200
2018-05-31 11:18:18 INFO  ApacheHttpClient.getTaskTemplateInfo(340) - responseCode = 200
2018-05-31 11:18:20 INFO  ApacheHttpClient.testConnection(187) - responseCode = 200
2018-05-31 11:18:20 INFO  ApacheHttpClient.testConnection(195) - result = true
2018-05-31 11:18:20 INFO  ApacheHttpClient.testConnection(187) - responseCode = 200
2018-05-31 11:18:20 INFO  ApacheHttpClient.testConnection(195) - result = true
2018-05-31 11:18:20 INFO  ApacheHttpClient.getWebResourceAsStream(436) - responseCode = 200
2018-05-31 11:18:23 INFO  ApacheHttpClient.getWebResourceAsStream(436) - responseCode = 200
2018-05-31 11:18:23 INFO  ApacheHttpClient.getFilteredTasks(323) - responseCode = 200
2018-05-31 11:18:33 INFO  ApacheHttpClient.getTaskTemplateInfo(340) - responseCode = 200
2018-05-31 11:18:33 INFO  ApacheHttpClient.testConnection(187) - responseCode = 200
2018-05-31 11:18:33 INFO  ApacheHttpClient.testConnection(195) - result = true
2018-05-31 11:18:33 INFO  ApacheHttpClient.testConnection(187) - responseCode = 200
2018-05-31 11:18:33 INFO  ApacheHttpClient.testConnection(195) - result = true
2018-05-31 11:18:35 INFO  ApacheHttpClient.getWebResourceAsStream(436) - responseCode = 200
2018-05-31 11:18:45 INFO  ApacheHttpClient.sendEvent(469) - responseCode = 200
2018-05-31 11:18:54 INFO  ApacheHttpClient.getWebResourceAsStream(436) - responseCode = 200
2018-05-31 11:18:55 INFO  ApacheHttpClient.getFilteredTasks(323) - responseCode = 200
2018-05-31 11:19:25 INFO  ApacheHttpClient.getTaskTemplateInfo(340) - responseCode = 200
2018-05-31 11:19:25 INFO  ApacheHttpClient.testConnection(187) - responseCode = 200
2018-05-31 11:19:25 INFO  ApacheHttpClient.testConnection(195) - result = true
2018-05-31 11:19:26 INFO  ApacheHttpClient.testConnection(187) - responseCode = 200
2018-05-31 11:19:26 INFO  ApacheHttpClient.testConnection(195) - result = true
2018-05-31 11:19:26 INFO  ApacheHttpClient.getWebResourceAsStream(436) - responseCode = 200
2018-05-31 11:19:44 INFO  ApacheHttpClient.sendEvent(469) - responseCode = 200
2018-05-31 11:20:40 INFO  ApacheHttpClient.getWebResourceAsStream(436) - responseCode = 200
2018-05-31 11:20:40 INFO  ApacheHttpClient.getFilteredTasks(323) - responseCode = 200
2018-05-31 11:20:45 INFO  ApacheHttpClient.sendEvent(469) - responseCode = 200
2018-05-31 11:20:53 INFO  ApacheHttpClient.getTaskTemplateInfo(340) - responseCode = 200
2018-05-31 11:20:54 INFO  ApacheHttpClient.testConnection(187) - responseCode = 200
2018-05-31 11:20:54 INFO  ApacheHttpClient.testConnection(195) - result = true
2018-05-31 11:20:54 INFO  ApacheHttpClient.testConnection(187) - responseCode = 200
2018-05-31 11:20:54 INFO  ApacheHttpClient.testConnection(195) - result = true
2018-05-31 11:20:55 INFO  ApacheHttpClient.getWebResourceAsStream(436) - responseCode = 200
2018-05-31 11:20:58 INFO  ApacheHttpClient.getWebResourceAsStream(436) - responseCode = 200
2018-05-31 11:21:00 INFO  ApacheHttpClient.getFilteredTasks(323) - responseCode = 200
2018-05-31 11:21:02 INFO  ApacheHttpClient.getTaskTemplateInfo(340) - responseCode = 200
2018-05-31 11:21:10 INFO  ApacheHttpClient.testConnection(187) - responseCode = 200
2018-05-31 11:21:10 INFO  ApacheHttpClient.testConnection(195) - result = true
2018-05-31 11:21:10 INFO  ApacheHttpClient.testConnection(187) - responseCode = 200
2018-05-31 11:21:10 INFO  ApacheHttpClient.testConnection(195) - result = true
2018-05-31 11:21:10 INFO  ApacheHttpClient.getWebResourceAsStream(436) - responseCode = 200
2018-05-31 11:21:12 INFO  ApacheHttpClient.getWebResourceAsStream(436) - responseCode = 200
2018-05-31 11:21:14 INFO  ApacheHttpClient.getFilteredTasks(323) - responseCode = 200
2018-05-31 11:21:33 INFO  ApacheHttpClient.getTaskTemplateInfo(340) - responseCode = 200
2018-05-31 11:21:33 INFO  ApacheHttpClient.testConnection(187) - responseCode = 200
2018-05-31 11:21:33 INFO  ApacheHttpClient.testConnection(195) - result = true
2018-05-31 11:21:35 INFO  ApacheHttpClient.testConnection(187) - responseCode = 200
2018-05-31 11:21:35 INFO  ApacheHttpClient.testConnection(195) - result = true
2018-05-31 11:21:35 INFO  ApacheHttpClient.getWebResourceAsStream(436) - responseCode = 200
2018-05-31 11:21:40 INFO  ApacheHttpClient.getWebResourceAsStream(436) - responseCode = 200
2018-05-31 11:21:40 INFO  ApacheHttpClient.getFilteredTasks(323) - responseCode = 200
2018-05-31 11:21:46 INFO  ApacheHttpClient.sendEvent(469) - responseCode = 200
2018-05-31 11:21:49 INFO  ApacheHttpClient.getTaskTemplateInfo(340) - responseCode = 200
2018-05-31 11:21:49 INFO  ApacheHttpClient.testConnection(187) - responseCode = 200
2018-05-31 11:21:49 INFO  ApacheHttpClient.testConnection(195) - result = true
2018-05-31 11:21:49 INFO  ApacheHttpClient.testConnection(187) - responseCode = 200
2018-05-31 11:21:49 INFO  ApacheHttpClient.testConnection(195) - result = true
2018-05-31 11:21:49 INFO  ApacheHttpClient.getWebResourceAsStream(436) - responseCode = 200
2018-05-31 11:22:44 INFO  ApacheHttpClient.sendEvent(469) - responseCode = 200
2018-05-31 11:23:44 INFO  ApacheHttpClient.sendEvent(469) - responseCode = 200
2018-05-31 11:24:44 INFO  ApacheHttpClient.sendEvent(469) - responseCode = 200
2018-05-31 11:25:44 INFO  ApacheHttpClient.sendEvent(469) - responseCode = 200
